{"total": 100, "distribution": {"http://localhost:8010": 100}}
{"total": 100, "distribution": {"http://localhost:8010": 100}}
{"total": 100, "distribution": {"http://localhost:8010": 100}}
{"total": 100, "distribution": {"http://localhost:8010": 100}}
{"total": 100, "distribution": {"http://localhost:8010": 100}}
{"total": 100, "distribution": {"http://localhost:8010": 100}}
{"total": 100, "distribution": {"http://localhost:8010": 100}}
{"total": 100, "distribution": {"http://localhost:8010": 100}}
{"total": 100, "distribution": {"http://localhost:8010": 100}}
{"total": 100, "distribution": {"http://localhost:8010": 100}}
{"total": 100, "distribution": {"http://localhost:8010": 100}}
{"total": 200, "distribution": {"http://localhost:8010": 200}}
{"total": 200, "distribution": {"http://localhost:8010": 200}}
{"total": 200, "distribution": {"http://localhost:8010": 200}}
{"total": 200, "distribution": {"http://localhost:8010": 200}}
{"total": 200, "distribution": {"http://localhost:8010": 200}}
{"total": 200, "distribution": {"http://localhost:8010": 200}}
{"total": 200, "distribution": {"http://localhost:8010": 200}}
{"total": 200, "distribution": {"http://localhost:8010": 200}}
{"total": 200, "distribution": {"http://localhost:8010": 200}}
{"total": 200, "distribution": {"http://localhost:8010": 200}}
{"total": 200, "distribution": {"http://localhost:8010": 200}}
{"total": 300, "distribution": {"http://localhost:8010": 300}}
{"total": 300, "distribution": {"http://localhost:8010": 300}}
{"total": 300, "distribution": {"http://localhost:8010": 300}}
{"total": 300, "distribution": {"http://localhost:8010": 300}}
{"total": 300, "distribution": {"http://localhost:8010": 300}}
{"total": 300, "distribution": {"http://localhost:8010": 300}}
{"total": 300, "distribution": {"http://localhost:8010": 300}}
{"total": 300, "distribution": {"http://localhost:8010": 300}}
{"total": 300, "distribution": {"http://localhost:8010": 300}}
{"total": 300, "distribution": {"http://localhost:8010": 300}}
{"total": 300, "distribution": {"http://localhost:8010": 300}}
{"total": 400, "distribution": {"http://localhost:8010": 400}}
{"total": 400, "distribution": {"http://localhost:8010": 400}}
{"total": 400, "distribution": {"http://localhost:8010": 400}}
{"total": 400, "distribution": {"http://localhost:8010": 400}}
{"total": 400, "distribution": {"http://localhost:8010": 400}}
{"total": 400, "distribution": {"http://localhost:8010": 400}}
{"total": 400, "distribution": {"http://localhost:8010": 400}}
{"total": 400, "distribution": {"http://localhost:8010": 400}}
{"total": 400, "distribution": {"http://localhost:8010": 400}}
{"total": 400, "distribution": {"http://localhost:8010": 400}}
{"total": 400, "distribution": {"http://localhost:8010": 400}}
{"total": 500, "distribution": {"http://localhost:8010": 500}}
{"total": 500, "distribution": {"http://localhost:8010": 500}}
{"total": 500, "distribution": {"http://localhost:8010": 500}}
{"total": 500, "distribution": {"http://localhost:8010": 500}}
{"total": 500, "distribution": {"http://localhost:8010": 500}}
{"total": 500, "distribution": {"http://localhost:8010": 500}}
{"total": 500, "distribution": {"http://localhost:8010": 500}}
{"total": 500, "distribution": {"http://localhost:8010": 500}}
{"total": 500, "distribution": {"http://localhost:8010": 500}}
{"total": 500, "distribution": {"http://localhost:8010": 500}}
{"total": 500, "distribution": {"http://localhost:8010": 500}}
{"total": 600, "distribution": {"http://localhost:8010": 600}}
{"total": 600, "distribution": {"http://localhost:8010": 600}}
{"total": 600, "distribution": {"http://localhost:8010": 600}}
{"total": 600, "distribution": {"http://localhost:8010": 600}}
{"total": 600, "distribution": {"http://localhost:8010": 600}}
{"total": 600, "distribution": {"http://localhost:8010": 600}}
{"total": 600, "distribution": {"http://localhost:8010": 600}}
{"total": 600, "distribution": {"http://localhost:8010": 600}}
{"total": 600, "distribution": {"http://localhost:8010": 600}}
{"total": 600, "distribution": {"http://localhost:8010": 600}}
{"total": 600, "distribution": {"http://localhost:8010": 600}}
{"total": 700, "distribution": {"http://localhost:8010": 700}}
{"total": 700, "distribution": {"http://localhost:8010": 700}}
{"total": 700, "distribution": {"http://localhost:8010": 700}}
{"total": 700, "distribution": {"http://localhost:8010": 700}}
{"total": 700, "distribution": {"http://localhost:8010": 700}}
{"total": 700, "distribution": {"http://localhost:8010": 700}}
{"total": 700, "distribution": {"http://localhost:8010": 700}}
{"total": 700, "distribution": {"http://localhost:8010": 700}}
{"total": 700, "distribution": {"http://localhost:8010": 700}}
{"total": 700, "distribution": {"http://localhost:8010": 700}}
{"total": 700, "distribution": {"http://localhost:8010": 700}}
{"total": 800, "distribution": {"http://localhost:8010": 792, "http://localhost:8011": 1, "http://localhost:8007": 4, "http://localhost:8015": 1, "http://localhost:8004": 2}}
{"total": 800, "distribution": {"http://localhost:8010": 786, "http://localhost:8011": 5, "http://localhost:8007": 8, "http://localhost:8004": 1}}
{"total": 800, "distribution": {"http://localhost:8010": 788, "http://localhost:8015": 2, "http://localhost:8007": 4, "http://localhost:8011": 2, "http://localhost:8004": 3, "http://localhost:8005": 1}}
{"total": 800, "distribution": {"http://localhost:8010": 785, "http://localhost:8011": 3, "http://localhost:8007": 7, "http://localhost:8015": 1, "http://localhost:8004": 3, "http://localhost:8005": 1}}
{"total": 800, "distribution": {"http://localhost:8010": 781, "http://localhost:8011": 4, "http://localhost:8007": 9, "http://localhost:8015": 2, "http://localhost:8004": 1, "http://localhost:8005": 3}}
{"total": 800, "distribution": {"http://localhost:8010": 786, "http://localhost:8011": 3, "http://localhost:8007": 3, "http://localhost:8015": 2, "http://localhost:8004": 4, "http://localhost:8005": 2}}
{"total": 800, "distribution": {"http://localhost:8010": 788, "http://localhost:8007": 5, "http://localhost:8011": 2, "http://localhost:8015": 2, "http://localhost:8004": 3}}
{"total": 800, "distribution": {"http://localhost:8010": 788, "http://localhost:8011": 3, "http://localhost:8007": 2, "http://localhost:8015": 4, "http://localhost:8004": 2, "http://localhost:8005": 1}}
{"total": 800, "distribution": {"http://localhost:8010": 792, "http://localhost:8007": 6, "http://localhost:8011": 1, "http://localhost:8004": 1}}
{"total": 800, "distribution": {"http://localhost:8010": 782, "http://localhost:8011": 2, "http://localhost:8015": 4, "http://localhost:8007": 5, "http://localhost:8004": 5, "http://localhost:8005": 2}}
{"total": 800, "distribution": {"http://localhost:8010": 790, "http://localhost:8007": 6, "http://localhost:8015": 1, "http://localhost:8011": 2, "http://localhost:8004": 1}}
{"total": 900, "distribution": {"http://localhost:8010": 886, "http://localhost:8011": 5, "http://localhost:8007": 8, "http://localhost:8004": 1}}
{"total": 900, "distribution": {"http://localhost:8010": 892, "http://localhost:8011": 1, "http://localhost:8007": 4, "http://localhost:8015": 1, "http://localhost:8004": 2}}
{"total": 900, "distribution": {"http://localhost:8010": 888, "http://localhost:8015": 2, "http://localhost:8007": 4, "http://localhost:8011": 2, "http://localhost:8004": 3, "http://localhost:8005": 1}}
{"total": 900, "distribution": {"http://localhost:8010": 886, "http://localhost:8011": 3, "http://localhost:8007": 3, "http://localhost:8015": 2, "http://localhost:8004": 4, "http://localhost:8005": 2}}
{"total": 900, "distribution": {"http://localhost:8010": 881, "http://localhost:8011": 4, "http://localhost:8007": 9, "http://localhost:8015": 2, "http://localhost:8004": 1, "http://localhost:8005": 3}}
{"total": 900, "distribution": {"http://localhost:8010": 888, "http://localhost:8011": 3, "http://localhost:8007": 2, "http://localhost:8015": 4, "http://localhost:8004": 2, "http://localhost:8005": 1}}
{"total": 900, "distribution": {"http://localhost:8010": 888, "http://localhost:8007": 5, "http://localhost:8011": 2, "http://localhost:8015": 2, "http://localhost:8004": 3}}
{"total": 900, "distribution": {"http://localhost:8010": 882, "http://localhost:8011": 2, "http://localhost:8015": 4, "http://localhost:8007": 5, "http://localhost:8004": 5, "http://localhost:8005": 2}}
{"total": 900, "distribution": {"http://localhost:8010": 885, "http://localhost:8011": 3, "http://localhost:8007": 7, "http://localhost:8015": 1, "http://localhost:8004": 3, "http://localhost:8005": 1}}
{"total": 900, "distribution": {"http://localhost:8010": 892, "http://localhost:8007": 6, "http://localhost:8011": 1, "http://localhost:8004": 1}}
{"total": 900, "distribution": {"http://localhost:8010": 890, "http://localhost:8007": 6, "http://localhost:8015": 1, "http://localhost:8011": 2, "http://localhost:8004": 1}}
{"total": 1000, "distribution": {"http://localhost:8010": 986, "http://localhost:8011": 5, "http://localhost:8007": 8, "http://localhost:8004": 1}}
{"total": 1000, "distribution": {"http://localhost:8010": 992, "http://localhost:8011": 1, "http://localhost:8007": 4, "http://localhost:8015": 1, "http://localhost:8004": 2}}
{"total": 1000, "distribution": {"http://localhost:8010": 981, "http://localhost:8011": 4, "http://localhost:8007": 9, "http://localhost:8015": 2, "http://localhost:8004": 1, "http://localhost:8005": 3}}
{"total": 1000, "distribution": {"http://localhost:8010": 988, "http://localhost:8015": 2, "http://localhost:8007": 4, "http://localhost:8011": 2, "http://localhost:8004": 3, "http://localhost:8005": 1}}
{"total": 1000, "distribution": {"http://localhost:8010": 986, "http://localhost:8011": 3, "http://localhost:8007": 3, "http://localhost:8015": 2, "http://localhost:8004": 4, "http://localhost:8005": 2}}
{"total": 1000, "distribution": {"http://localhost:8010": 988, "http://localhost:8011": 3, "http://localhost:8007": 2, "http://localhost:8015": 4, "http://localhost:8004": 2, "http://localhost:8005": 1}}
{"total": 1000, "distribution": {"http://localhost:8010": 988, "http://localhost:8007": 5, "http://localhost:8011": 2, "http://localhost:8015": 2, "http://localhost:8004": 3}}
{"total": 1000, "distribution": {"http://localhost:8010": 982, "http://localhost:8011": 2, "http://localhost:8015": 4, "http://localhost:8007": 5, "http://localhost:8004": 5, "http://localhost:8005": 2}}
{"total": 1000, "distribution": {"http://localhost:8010": 985, "http://localhost:8011": 3, "http://localhost:8007": 7, "http://localhost:8015": 1, "http://localhost:8004": 3, "http://localhost:8005": 1}}
{"total": 1000, "distribution": {"http://localhost:8010": 992, "http://localhost:8007": 6, "http://localhost:8011": 1, "http://localhost:8004": 1}}
{"total": 1000, "distribution": {"http://localhost:8010": 990, "http://localhost:8007": 6, "http://localhost:8015": 1, "http://localhost:8011": 2, "http://localhost:8004": 1}}
{"total": 1100, "distribution": {"http://localhost:8010": 1092, "http://localhost:8011": 1, "http://localhost:8007": 4, "http://localhost:8015": 1, "http://localhost:8004": 2}}
{"total": 1100, "distribution": {"http://localhost:8010": 1081, "http://localhost:8011": 4, "http://localhost:8007": 9, "http://localhost:8015": 2, "http://localhost:8004": 1, "http://localhost:8005": 3}}
{"total": 1100, "distribution": {"http://localhost:8010": 1086, "http://localhost:8011": 5, "http://localhost:8007": 8, "http://localhost:8004": 1}}
{"total": 1100, "distribution": {"http://localhost:8010": 1088, "http://localhost:8015": 2, "http://localhost:8007": 4, "http://localhost:8011": 2, "http://localhost:8004": 3, "http://localhost:8005": 1}}
{"total": 1100, "distribution": {"http://localhost:8010": 1086, "http://localhost:8011": 3, "http://localhost:8007": 3, "http://localhost:8015": 2, "http://localhost:8004": 4, "http://localhost:8005": 2}}
{"total": 1100, "distribution": {"http://localhost:8010": 1085, "http://localhost:8011": 3, "http://localhost:8007": 7, "http://localhost:8015": 1, "http://localhost:8004": 3, "http://localhost:8005": 1}}
{"total": 1100, "distribution": {"http://localhost:8010": 1088, "http://localhost:8011": 3, "http://localhost:8007": 2, "http://localhost:8015": 4, "http://localhost:8004": 2, "http://localhost:8005": 1}}
{"total": 1100, "distribution": {"http://localhost:8010": 1082, "http://localhost:8011": 2, "http://localhost:8015": 4, "http://localhost:8007": 5, "http://localhost:8004": 5, "http://localhost:8005": 2}}
{"total": 1100, "distribution": {"http://localhost:8010": 1088, "http://localhost:8007": 5, "http://localhost:8011": 2, "http://localhost:8015": 2, "http://localhost:8004": 3}}
{"total": 1100, "distribution": {"http://localhost:8010": 1092, "http://localhost:8007": 6, "http://localhost:8011": 1, "http://localhost:8004": 1}}
{"total": 1100, "distribution": {"http://localhost:8010": 1090, "http://localhost:8007": 6, "http://localhost:8015": 1, "http://localhost:8011": 2, "http://localhost:8004": 1}}
{"total": 1200, "distribution": {"http://localhost:8010": 1186, "http://localhost:8011": 5, "http://localhost:8007": 8, "http://localhost:8004": 1}}
{"total": 1200, "distribution": {"http://localhost:8010": 1181, "http://localhost:8011": 4, "http://localhost:8007": 9, "http://localhost:8015": 2, "http://localhost:8004": 1, "http://localhost:8005": 3}}
{"total": 1200, "distribution": {"http://localhost:8010": 1188, "http://localhost:8015": 2, "http://localhost:8007": 4, "http://localhost:8011": 2, "http://localhost:8004": 3, "http://localhost:8005": 1}}
{"total": 1200, "distribution": {"http://localhost:8010": 1192, "http://localhost:8011": 1, "http://localhost:8007": 4, "http://localhost:8015": 1, "http://localhost:8004": 2}}
{"total": 1200, "distribution": {"http://localhost:8010": 1188, "http://localhost:8011": 3, "http://localhost:8007": 2, "http://localhost:8015": 4, "http://localhost:8004": 2, "http://localhost:8005": 1}}
{"total": 1200, "distribution": {"http://localhost:8010": 1185, "http://localhost:8011": 3, "http://localhost:8007": 7, "http://localhost:8015": 1, "http://localhost:8004": 3, "http://localhost:8005": 1}}
{"total": 1200, "distribution": {"http://localhost:8010": 1186, "http://localhost:8011": 3, "http://localhost:8007": 3, "http://localhost:8015": 2, "http://localhost:8004": 4, "http://localhost:8005": 2}}
{"total": 1200, "distribution": {"http://localhost:8010": 1182, "http://localhost:8011": 2, "http://localhost:8015": 4, "http://localhost:8007": 5, "http://localhost:8004": 5, "http://localhost:8005": 2}}
{"total": 1200, "distribution": {"http://localhost:8010": 1188, "http://localhost:8007": 5, "http://localhost:8011": 2, "http://localhost:8015": 2, "http://localhost:8004": 3}}
{"total": 1200, "distribution": {"http://localhost:8010": 1192, "http://localhost:8007": 6, "http://localhost:8011": 1, "http://localhost:8004": 1}}
{"total": 1200, "distribution": {"http://localhost:8010": 1190, "http://localhost:8007": 6, "http://localhost:8015": 1, "http://localhost:8011": 2, "http://localhost:8004": 1}}
{"total": 1300, "distribution": {"http://localhost:8010": 1286, "http://localhost:8011": 5, "http://localhost:8007": 8, "http://localhost:8004": 1}}
{"total": 1300, "distribution": {"http://localhost:8010": 1292, "http://localhost:8011": 1, "http://localhost:8007": 4, "http://localhost:8015": 1, "http://localhost:8004": 2}}
{"total": 1300, "distribution": {"http://localhost:8010": 1281, "http://localhost:8011": 4, "http://localhost:8007": 9, "http://localhost:8015": 2, "http://localhost:8004": 1, "http://localhost:8005": 3}}
{"total": 1300, "distribution": {"http://localhost:8010": 1288, "http://localhost:8015": 2, "http://localhost:8007": 4, "http://localhost:8011": 2, "http://localhost:8004": 3, "http://localhost:8005": 1}}
{"total": 1300, "distribution": {"http://localhost:8010": 1286, "http://localhost:8011": 3, "http://localhost:8007": 3, "http://localhost:8015": 2, "http://localhost:8004": 4, "http://localhost:8005": 2}}
{"total": 1300, "distribution": {"http://localhost:8010": 1282, "http://localhost:8011": 2, "http://localhost:8015": 4, "http://localhost:8007": 5, "http://localhost:8004": 5, "http://localhost:8005": 2}}
{"total": 1300, "distribution": {"http://localhost:8010": 1285, "http://localhost:8011": 3, "http://localhost:8007": 7, "http://localhost:8015": 1, "http://localhost:8004": 3, "http://localhost:8005": 1}}
{"total": 1300, "distribution": {"http://localhost:8010": 1288, "http://localhost:8011": 3, "http://localhost:8007": 2, "http://localhost:8015": 4, "http://localhost:8004": 2, "http://localhost:8005": 1}}
{"total": 1300, "distribution": {"http://localhost:8010": 1292, "http://localhost:8007": 6, "http://localhost:8011": 1, "http://localhost:8004": 1}}
{"total": 1300, "distribution": {"http://localhost:8010": 1290, "http://localhost:8007": 6, "http://localhost:8015": 1, "http://localhost:8011": 2, "http://localhost:8004": 1}}
{"total": 1300, "distribution": {"http://localhost:8010": 1288, "http://localhost:8007": 5, "http://localhost:8011": 2, "http://localhost:8015": 2, "http://localhost:8004": 3}}
{"total": 1400, "distribution": {"http://localhost:8010": 1386, "http://localhost:8011": 5, "http://localhost:8007": 8, "http://localhost:8004": 1}}
{"total": 1400, "distribution": {"http://localhost:8010": 1381, "http://localhost:8011": 4, "http://localhost:8007": 9, "http://localhost:8015": 2, "http://localhost:8004": 1, "http://localhost:8005": 3}}
{"total": 1400, "distribution": {"http://localhost:8010": 1388, "http://localhost:8015": 2, "http://localhost:8007": 4, "http://localhost:8011": 2, "http://localhost:8004": 3, "http://localhost:8005": 1}}
{"total": 1400, "distribution": {"http://localhost:8010": 1392, "http://localhost:8011": 1, "http://localhost:8007": 4, "http://localhost:8015": 1, "http://localhost:8004": 2}}
{"total": 1400, "distribution": {"http://localhost:8010": 1382, "http://localhost:8011": 2, "http://localhost:8015": 4, "http://localhost:8007": 5, "http://localhost:8004": 5, "http://localhost:8005": 2}}
{"total": 1400, "distribution": {"http://localhost:8010": 1388, "http://localhost:8011": 3, "http://localhost:8007": 2, "http://localhost:8015": 4, "http://localhost:8004": 2, "http://localhost:8005": 1}}
{"total": 1400, "distribution": {"http://localhost:8010": 1386, "http://localhost:8011": 3, "http://localhost:8007": 3, "http://localhost:8015": 2, "http://localhost:8004": 4, "http://localhost:8005": 2}}
{"total": 1400, "distribution": {"http://localhost:8010": 1385, "http://localhost:8011": 3, "http://localhost:8007": 7, "http://localhost:8015": 1, "http://localhost:8004": 3, "http://localhost:8005": 1}}
{"total": 1400, "distribution": {"http://localhost:8010": 1388, "http://localhost:8007": 5, "http://localhost:8011": 2, "http://localhost:8015": 2, "http://localhost:8004": 3}}
{"total": 1400, "distribution": {"http://localhost:8010": 1392, "http://localhost:8007": 6, "http://localhost:8011": 1, "http://localhost:8004": 1}}
{"total": 1400, "distribution": {"http://localhost:8010": 1390, "http://localhost:8007": 6, "http://localhost:8015": 1, "http://localhost:8011": 2, "http://localhost:8004": 1}}
{"total": 1500, "distribution": {"http://localhost:8010": 1486, "http://localhost:8011": 5, "http://localhost:8007": 8, "http://localhost:8004": 1}}
{"total": 1500, "distribution": {"http://localhost:8010": 1481, "http://localhost:8011": 4, "http://localhost:8007": 9, "http://localhost:8015": 2, "http://localhost:8004": 1, "http://localhost:8005": 3}}
{"total": 1500, "distribution": {"http://localhost:8010": 1492, "http://localhost:8011": 1, "http://localhost:8007": 4, "http://localhost:8015": 1, "http://localhost:8004": 2}}
{"total": 1500, "distribution": {"http://localhost:8010": 1488, "http://localhost:8015": 2, "http://localhost:8007": 4, "http://localhost:8011": 2, "http://localhost:8004": 3, "http://localhost:8005": 1}}
{"total": 1500, "distribution": {"http://localhost:8010": 1488, "http://localhost:8011": 3, "http://localhost:8007": 2, "http://localhost:8015": 4, "http://localhost:8004": 2, "http://localhost:8005": 1}}
{"total": 1500, "distribution": {"http://localhost:8010": 1486, "http://localhost:8011": 3, "http://localhost:8007": 3, "http://localhost:8015": 2, "http://localhost:8004": 4, "http://localhost:8005": 2}}
{"total": 1500, "distribution": {"http://localhost:8010": 1482, "http://localhost:8011": 2, "http://localhost:8015": 4, "http://localhost:8007": 5, "http://localhost:8004": 5, "http://localhost:8005": 2}}
{"total": 1500, "distribution": {"http://localhost:8010": 1485, "http://localhost:8011": 3, "http://localhost:8007": 7, "http://localhost:8015": 1, "http://localhost:8004": 3, "http://localhost:8005": 1}}
{"total": 1500, "distribution": {"http://localhost:8010": 1488, "http://localhost:8007": 5, "http://localhost:8011": 2, "http://localhost:8015": 2, "http://localhost:8004": 3}}
{"total": 1500, "distribution": {"http://localhost:8010": 1492, "http://localhost:8007": 6, "http://localhost:8011": 1, "http://localhost:8004": 1}}
{"total": 1500, "distribution": {"http://localhost:8010": 1490, "http://localhost:8007": 6, "http://localhost:8015": 1, "http://localhost:8011": 2, "http://localhost:8004": 1}}
{"total": 1600, "distribution": {"http://localhost:8010": 1586, "http://localhost:8011": 5, "http://localhost:8007": 8, "http://localhost:8004": 1}}
{"total": 1600, "distribution": {"http://localhost:8010": 1592, "http://localhost:8011": 1, "http://localhost:8007": 4, "http://localhost:8015": 1, "http://localhost:8004": 2}}
{"total": 1600, "distribution": {"http://localhost:8010": 1581, "http://localhost:8011": 4, "http://localhost:8007": 9, "http://localhost:8015": 2, "http://localhost:8004": 1, "http://localhost:8005": 3}}
{"total": 1600, "distribution": {"http://localhost:8010": 1588, "http://localhost:8015": 2, "http://localhost:8007": 4, "http://localhost:8011": 2, "http://localhost:8004": 3, "http://localhost:8005": 1}}
{"total": 1600, "distribution": {"http://localhost:8010": 1588, "http://localhost:8011": 3, "http://localhost:8007": 2, "http://localhost:8015": 4, "http://localhost:8004": 2, "http://localhost:8005": 1}}
{"total": 1600, "distribution": {"http://localhost:8010": 1585, "http://localhost:8011": 3, "http://localhost:8007": 7, "http://localhost:8015": 1, "http://localhost:8004": 3, "http://localhost:8005": 1}}
{"total": 1600, "distribution": {"http://localhost:8010": 1582, "http://localhost:8011": 2, "http://localhost:8015": 4, "http://localhost:8007": 5, "http://localhost:8004": 5, "http://localhost:8005": 2}}
{"total": 1600, "distribution": {"http://localhost:8010": 1586, "http://localhost:8011": 3, "http://localhost:8007": 3, "http://localhost:8015": 2, "http://localhost:8004": 4, "http://localhost:8005": 2}}
{"total": 1600, "distribution": {"http://localhost:8010": 1588, "http://localhost:8007": 5, "http://localhost:8011": 2, "http://localhost:8015": 2, "http://localhost:8004": 3}}
{"total": 1600, "distribution": {"http://localhost:8010": 1590, "http://localhost:8007": 6, "http://localhost:8015": 1, "http://localhost:8011": 2, "http://localhost:8004": 1}}
{"total": 1600, "distribution": {"http://localhost:8010": 1592, "http://localhost:8007": 6, "http://localhost:8011": 1, "http://localhost:8004": 1}}
{"total": 1700, "distribution": {"http://localhost:8010": 1670, "http://localhost:8011": 10, "http://localhost:8007": 15, "http://localhost:8004": 1, "http://localhost:8019": 2, "http://localhost:8015": 1, "http://localhost:8005": 1}}
{"total": 1700, "distribution": {"http://localhost:8010": 1686, "http://localhost:8011": 3, "http://localhost:8007": 4, "http://localhost:8015": 1, "http://localhost:8004": 4, "http://localhost:8005": 2}}
{"total": 1700, "distribution": {"http://localhost:8010": 1661, "http://localhost:8011": 6, "http://localhost:8007": 18, "http://localhost:8015": 5, "http://localhost:8004": 4, "http://localhost:8005": 6}}
{"total": 1700, "distribution": {"http://localhost:8010": 1676, "http://localhost:8015": 4, "http://localhost:8007": 8, "http://localhost:8011": 3, "http://localhost:8004": 5, "http://localhost:8005": 1, "http://localhost:8019": 3}}
{"total": 1700, "distribution": {"http://localhost:8010": 1679, "http://localhost:8011": 4, "http://localhost:8007": 4, "http://localhost:8015": 5, "http://localhost:8004": 5, "http://localhost:8005": 2, "http://localhost:8019": 1}}
{"total": 1700, "distribution": {"http://localhost:8010": 1671, "http://localhost:8011": 4, "http://localhost:8015": 5, "http://localhost:8007": 7, "http://localhost:8004": 7, "http://localhost:8005": 5, "http://localhost:8019": 1}}
{"total": 1700, "distribution": {"http://localhost:8010": 1675, "http://localhost:8011": 6, "http://localhost:8007": 11, "http://localhost:8015": 1, "http://localhost:8004": 5, "http://localhost:8005": 1, "http://localhost:8019": 1}}
{"total": 1700, "distribution": {"http://localhost:8010": 1673, "http://localhost:8011": 4, "http://localhost:8007": 10, "http://localhost:8015": 3, "http://localhost:8004": 5, "http://localhost:8005": 3, "http://localhost:8019": 2}}
{"total": 1700, "distribution": {"http://localhost:8010": 1679, "http://localhost:8007": 8, "http://localhost:8015": 2, "http://localhost:8011": 4, "http://localhost:8004": 2, "http://localhost:8019": 4, "http://localhost:8005": 1}}
{"total": 1700, "distribution": {"http://localhost:8010": 1678, "http://localhost:8007": 9, "http://localhost:8011": 4, "http://localhost:8015": 2, "http://localhost:8004": 6, "http://localhost:8019": 1}}
{"total": 1700, "distribution": {"http://localhost:8010": 1678, "http://localhost:8007": 14, "http://localhost:8011": 1, "http://localhost:8004": 2, "http://localhost:8019": 2, "http://localhost:8015": 1, "http://localhost:8005": 2}}
{"total": 1800, "distribution": {"http://localhost:8010": 1770, "http://localhost:8011": 10, "http://localhost:8007": 15, "http://localhost:8004": 1, "http://localhost:8019": 2, "http://localhost:8015": 1, "http://localhost:8005": 1}}
{"total": 1800, "distribution": {"http://localhost:8010": 1786, "http://localhost:8011": 3, "http://localhost:8007": 4, "http://localhost:8015": 1, "http://localhost:8004": 4, "http://localhost:8005": 2}}
{"total": 1800, "distribution": {"http://localhost:8010": 1761, "http://localhost:8011": 6, "http://localhost:8007": 18, "http://localhost:8015": 5, "http://localhost:8004": 4, "http://localhost:8005": 6}}
{"total": 1800, "distribution": {"http://localhost:8010": 1776, "http://localhost:8015": 4, "http://localhost:8007": 8, "http://localhost:8011": 3, "http://localhost:8004": 5, "http://localhost:8005": 1, "http://localhost:8019": 3}}
{"total": 1800, "distribution": {"http://localhost:8010": 1779, "http://localhost:8011": 4, "http://localhost:8007": 4, "http://localhost:8015": 5, "http://localhost:8004": 5, "http://localhost:8005": 2, "http://localhost:8019": 1}}
{"total": 1800, "distribution": {"http://localhost:8010": 1771, "http://localhost:8011": 4, "http://localhost:8015": 5, "http://localhost:8007": 7, "http://localhost:8004": 7, "http://localhost:8005": 5, "http://localhost:8019": 1}}
{"total": 1800, "distribution": {"http://localhost:8010": 1775, "http://localhost:8011": 6, "http://localhost:8007": 11, "http://localhost:8015": 1, "http://localhost:8004": 5, "http://localhost:8005": 1, "http://localhost:8019": 1}}
{"total": 1800, "distribution": {"http://localhost:8010": 1779, "http://localhost:8007": 8, "http://localhost:8015": 2, "http://localhost:8011": 4, "http://localhost:8004": 2, "http://localhost:8019": 4, "http://localhost:8005": 1}}
{"total": 1800, "distribution": {"http://localhost:8010": 1778, "http://localhost:8007": 9, "http://localhost:8011": 4, "http://localhost:8015": 2, "http://localhost:8004": 6, "http://localhost:8019": 1}}
{"total": 1800, "distribution": {"http://localhost:8010": 1773, "http://localhost:8011": 4, "http://localhost:8007": 10, "http://localhost:8015": 3, "http://localhost:8004": 5, "http://localhost:8005": 3, "http://localhost:8019": 2}}
{"total": 1800, "distribution": {"http://localhost:8010": 1778, "http://localhost:8007": 14, "http://localhost:8011": 1, "http://localhost:8004": 2, "http://localhost:8019": 2, "http://localhost:8015": 1, "http://localhost:8005": 2}}
{"total": 1900, "distribution": {"http://localhost:8010": 1870, "http://localhost:8011": 10, "http://localhost:8007": 15, "http://localhost:8004": 1, "http://localhost:8019": 2, "http://localhost:8015": 1, "http://localhost:8005": 1}}
{"total": 1900, "distribution": {"http://localhost:8010": 1886, "http://localhost:8011": 3, "http://localhost:8007": 4, "http://localhost:8015": 1, "http://localhost:8004": 4, "http://localhost:8005": 2}}
{"total": 1900, "distribution": {"http://localhost:8010": 1861, "http://localhost:8011": 6, "http://localhost:8007": 18, "http://localhost:8015": 5, "http://localhost:8004": 4, "http://localhost:8005": 6}}
{"total": 1900, "distribution": {"http://localhost:8010": 1876, "http://localhost:8015": 4, "http://localhost:8007": 8, "http://localhost:8011": 3, "http://localhost:8004": 5, "http://localhost:8005": 1, "http://localhost:8019": 3}}
{"total": 1900, "distribution": {"http://localhost:8010": 1879, "http://localhost:8011": 4, "http://localhost:8007": 4, "http://localhost:8015": 5, "http://localhost:8004": 5, "http://localhost:8005": 2, "http://localhost:8019": 1}}
{"total": 1900, "distribution": {"http://localhost:8010": 1875, "http://localhost:8011": 6, "http://localhost:8007": 11, "http://localhost:8015": 1, "http://localhost:8004": 5, "http://localhost:8005": 1, "http://localhost:8019": 1}}
{"total": 1900, "distribution": {"http://localhost:8010": 1871, "http://localhost:8011": 4, "http://localhost:8015": 5, "http://localhost:8007": 7, "http://localhost:8004": 7, "http://localhost:8005": 5, "http://localhost:8019": 1}}
{"total": 1900, "distribution": {"http://localhost:8010": 1873, "http://localhost:8011": 4, "http://localhost:8007": 10, "http://localhost:8015": 3, "http://localhost:8004": 5, "http://localhost:8005": 3, "http://localhost:8019": 2}}
{"total": 1900, "distribution": {"http://localhost:8010": 1878, "http://localhost:8007": 14, "http://localhost:8011": 1, "http://localhost:8004": 2, "http://localhost:8019": 2, "http://localhost:8015": 1, "http://localhost:8005": 2}}
{"total": 1900, "distribution": {"http://localhost:8010": 1879, "http://localhost:8007": 8, "http://localhost:8015": 2, "http://localhost:8011": 4, "http://localhost:8004": 2, "http://localhost:8019": 4, "http://localhost:8005": 1}}
{"total": 1900, "distribution": {"http://localhost:8010": 1878, "http://localhost:8007": 9, "http://localhost:8011": 4, "http://localhost:8015": 2, "http://localhost:8004": 6, "http://localhost:8019": 1}}
{"total": 2000, "distribution": {"http://localhost:8010": 1986, "http://localhost:8011": 3, "http://localhost:8007": 4, "http://localhost:8015": 1, "http://localhost:8004": 4, "http://localhost:8005": 2}}
{"total": 2000, "distribution": {"http://localhost:8010": 1970, "http://localhost:8011": 10, "http://localhost:8007": 15, "http://localhost:8004": 1, "http://localhost:8019": 2, "http://localhost:8015": 1, "http://localhost:8005": 1}}
{"total": 2000, "distribution": {"http://localhost:8010": 1961, "http://localhost:8011": 6, "http://localhost:8007": 18, "http://localhost:8015": 5, "http://localhost:8004": 4, "http://localhost:8005": 6}}
{"total": 2000, "distribution": {"http://localhost:8010": 1976, "http://localhost:8015": 4, "http://localhost:8007": 8, "http://localhost:8011": 3, "http://localhost:8004": 5, "http://localhost:8005": 1, "http://localhost:8019": 3}}
{"total": 2000, "distribution": {"http://localhost:8010": 1971, "http://localhost:8011": 4, "http://localhost:8015": 5, "http://localhost:8007": 7, "http://localhost:8004": 7, "http://localhost:8005": 5, "http://localhost:8019": 1}}
{"total": 2000, "distribution": {"http://localhost:8010": 1979, "http://localhost:8011": 4, "http://localhost:8007": 4, "http://localhost:8015": 5, "http://localhost:8004": 5, "http://localhost:8005": 2, "http://localhost:8019": 1}}
{"total": 2000, "distribution": {"http://localhost:8010": 1975, "http://localhost:8011": 6, "http://localhost:8007": 11, "http://localhost:8015": 1, "http://localhost:8004": 5, "http://localhost:8005": 1, "http://localhost:8019": 1}}
{"total": 2000, "distribution": {"http://localhost:8010": 1978, "http://localhost:8007": 14, "http://localhost:8011": 1, "http://localhost:8004": 2, "http://localhost:8019": 2, "http://localhost:8015": 1, "http://localhost:8005": 2}}
{"total": 2000, "distribution": {"http://localhost:8010": 1979, "http://localhost:8007": 8, "http://localhost:8015": 2, "http://localhost:8011": 4, "http://localhost:8004": 2, "http://localhost:8019": 4, "http://localhost:8005": 1}}
{"total": 2000, "distribution": {"http://localhost:8010": 1973, "http://localhost:8011": 4, "http://localhost:8007": 10, "http://localhost:8015": 3, "http://localhost:8004": 5, "http://localhost:8005": 3, "http://localhost:8019": 2}}
{"total": 2000, "distribution": {"http://localhost:8010": 1978, "http://localhost:8007": 9, "http://localhost:8011": 4, "http://localhost:8015": 2, "http://localhost:8004": 6, "http://localhost:8019": 1}}
{"total": 2100, "distribution": {"http://localhost:8010": 2070, "http://localhost:8011": 10, "http://localhost:8007": 15, "http://localhost:8004": 1, "http://localhost:8019": 2, "http://localhost:8015": 1, "http://localhost:8005": 1}}
{"total": 2100, "distribution": {"http://localhost:8010": 2086, "http://localhost:8011": 3, "http://localhost:8007": 4, "http://localhost:8015": 1, "http://localhost:8004": 4, "http://localhost:8005": 2}}
{"total": 2100, "distribution": {"http://localhost:8010": 2061, "http://localhost:8011": 6, "http://localhost:8007": 18, "http://localhost:8015": 5, "http://localhost:8004": 4, "http://localhost:8005": 6}}
{"total": 2100, "distribution": {"http://localhost:8010": 2076, "http://localhost:8015": 4, "http://localhost:8007": 8, "http://localhost:8011": 3, "http://localhost:8004": 5, "http://localhost:8005": 1, "http://localhost:8019": 3}}
{"total": 2100, "distribution": {"http://localhost:8010": 2079, "http://localhost:8011": 4, "http://localhost:8007": 4, "http://localhost:8015": 5, "http://localhost:8004": 5, "http://localhost:8005": 2, "http://localhost:8019": 1}}
{"total": 2100, "distribution": {"http://localhost:8010": 2075, "http://localhost:8011": 6, "http://localhost:8007": 11, "http://localhost:8015": 1, "http://localhost:8004": 5, "http://localhost:8005": 1, "http://localhost:8019": 1}}
{"total": 2100, "distribution": {"http://localhost:8010": 2071, "http://localhost:8011": 4, "http://localhost:8015": 5, "http://localhost:8007": 7, "http://localhost:8004": 7, "http://localhost:8005": 5, "http://localhost:8019": 1}}
{"total": 2100, "distribution": {"http://localhost:8010": 2079, "http://localhost:8007": 8, "http://localhost:8015": 2, "http://localhost:8011": 4, "http://localhost:8004": 2, "http://localhost:8019": 4, "http://localhost:8005": 1}}
{"total": 2100, "distribution": {"http://localhost:8010": 2078, "http://localhost:8007": 14, "http://localhost:8011": 1, "http://localhost:8004": 2, "http://localhost:8019": 2, "http://localhost:8015": 1, "http://localhost:8005": 2}}
{"total": 2100, "distribution": {"http://localhost:8010": 2073, "http://localhost:8011": 4, "http://localhost:8007": 10, "http://localhost:8015": 3, "http://localhost:8004": 5, "http://localhost:8005": 3, "http://localhost:8019": 2}}
{"total": 2100, "distribution": {"http://localhost:8010": 2078, "http://localhost:8007": 9, "http://localhost:8011": 4, "http://localhost:8015": 2, "http://localhost:8004": 6, "http://localhost:8019": 1}}
{"total": 2200, "distribution": {"http://localhost:8010": 2170, "http://localhost:8011": 10, "http://localhost:8007": 15, "http://localhost:8004": 1, "http://localhost:8019": 2, "http://localhost:8015": 1, "http://localhost:8005": 1}}
{"total": 2200, "distribution": {"http://localhost:8010": 2161, "http://localhost:8011": 6, "http://localhost:8007": 18, "http://localhost:8015": 5, "http://localhost:8004": 4, "http://localhost:8005": 6}}
{"total": 2200, "distribution": {"http://localhost:8010": 2186, "http://localhost:8011": 3, "http://localhost:8007": 4, "http://localhost:8015": 1, "http://localhost:8004": 4, "http://localhost:8005": 2}}
{"total": 2200, "distribution": {"http://localhost:8010": 2176, "http://localhost:8015": 4, "http://localhost:8007": 8, "http://localhost:8011": 3, "http://localhost:8004": 5, "http://localhost:8005": 1, "http://localhost:8019": 3}}
{"total": 2200, "distribution": {"http://localhost:8010": 2179, "http://localhost:8011": 4, "http://localhost:8007": 4, "http://localhost:8015": 5, "http://localhost:8004": 5, "http://localhost:8005": 2, "http://localhost:8019": 1}}
{"total": 2200, "distribution": {"http://localhost:8010": 2175, "http://localhost:8011": 6, "http://localhost:8007": 11, "http://localhost:8015": 1, "http://localhost:8004": 5, "http://localhost:8005": 1, "http://localhost:8019": 1}}
{"total": 2200, "distribution": {"http://localhost:8010": 2171, "http://localhost:8011": 4, "http://localhost:8015": 5, "http://localhost:8007": 7, "http://localhost:8004": 7, "http://localhost:8005": 5, "http://localhost:8019": 1}}
{"total": 2200, "distribution": {"http://localhost:8010": 2178, "http://localhost:8007": 14, "http://localhost:8011": 1, "http://localhost:8004": 2, "http://localhost:8019": 2, "http://localhost:8015": 1, "http://localhost:8005": 2}}
{"total": 2200, "distribution": {"http://localhost:8010": 2179, "http://localhost:8007": 8, "http://localhost:8015": 2, "http://localhost:8011": 4, "http://localhost:8004": 2, "http://localhost:8019": 4, "http://localhost:8005": 1}}
{"total": 2200, "distribution": {"http://localhost:8010": 2173, "http://localhost:8011": 4, "http://localhost:8007": 10, "http://localhost:8015": 3, "http://localhost:8004": 5, "http://localhost:8005": 3, "http://localhost:8019": 2}}
{"total": 2200, "distribution": {"http://localhost:8010": 2178, "http://localhost:8007": 9, "http://localhost:8011": 4, "http://localhost:8015": 2, "http://localhost:8004": 6, "http://localhost:8019": 1}}
{"total": 2300, "distribution": {"http://localhost:8010": 2270, "http://localhost:8011": 10, "http://localhost:8007": 15, "http://localhost:8004": 1, "http://localhost:8019": 2, "http://localhost:8015": 1, "http://localhost:8005": 1}}
{"total": 2300, "distribution": {"http://localhost:8010": 2261, "http://localhost:8011": 6, "http://localhost:8007": 18, "http://localhost:8015": 5, "http://localhost:8004": 4, "http://localhost:8005": 6}}
{"total": 2300, "distribution": {"http://localhost:8010": 2286, "http://localhost:8011": 3, "http://localhost:8007": 4, "http://localhost:8015": 1, "http://localhost:8004": 4, "http://localhost:8005": 2}}
{"total": 2300, "distribution": {"http://localhost:8010": 2276, "http://localhost:8015": 4, "http://localhost:8007": 8, "http://localhost:8011": 3, "http://localhost:8004": 5, "http://localhost:8005": 1, "http://localhost:8019": 3}}
{"total": 2300, "distribution": {"http://localhost:8010": 2279, "http://localhost:8011": 4, "http://localhost:8007": 4, "http://localhost:8015": 5, "http://localhost:8004": 5, "http://localhost:8005": 2, "http://localhost:8019": 1}}
{"total": 2300, "distribution": {"http://localhost:8010": 2271, "http://localhost:8011": 4, "http://localhost:8015": 5, "http://localhost:8007": 7, "http://localhost:8004": 7, "http://localhost:8005": 5, "http://localhost:8019": 1}}
{"total": 2300, "distribution": {"http://localhost:8010": 2275, "http://localhost:8011": 6, "http://localhost:8007": 11, "http://localhost:8015": 1, "http://localhost:8004": 5, "http://localhost:8005": 1, "http://localhost:8019": 1}}
{"total": 2300, "distribution": {"http://localhost:8010": 2278, "http://localhost:8007": 14, "http://localhost:8011": 1, "http://localhost:8004": 2, "http://localhost:8019": 2, "http://localhost:8015": 1, "http://localhost:8005": 2}}
{"total": 2300, "distribution": {"http://localhost:8010": 2279, "http://localhost:8007": 8, "http://localhost:8015": 2, "http://localhost:8011": 4, "http://localhost:8004": 2, "http://localhost:8019": 4, "http://localhost:8005": 1}}
{"total": 2300, "distribution": {"http://localhost:8010": 2273, "http://localhost:8011": 4, "http://localhost:8007": 10, "http://localhost:8015": 3, "http://localhost:8004": 5, "http://localhost:8005": 3, "http://localhost:8019": 2}}
{"total": 2300, "distribution": {"http://localhost:8010": 2278, "http://localhost:8007": 9, "http://localhost:8011": 4, "http://localhost:8015": 2, "http://localhost:8004": 6, "http://localhost:8019": 1}}
{"total": 2400, "distribution": {"http://localhost:8010": 2370, "http://localhost:8011": 10, "http://localhost:8007": 15, "http://localhost:8004": 1, "http://localhost:8019": 2, "http://localhost:8015": 1, "http://localhost:8005": 1}}
{"total": 2400, "distribution": {"http://localhost:8010": 2361, "http://localhost:8011": 6, "http://localhost:8007": 18, "http://localhost:8015": 5, "http://localhost:8004": 4, "http://localhost:8005": 6}}
{"total": 2400, "distribution": {"http://localhost:8010": 2376, "http://localhost:8015": 4, "http://localhost:8007": 8, "http://localhost:8011": 3, "http://localhost:8004": 5, "http://localhost:8005": 1, "http://localhost:8019": 3}}
{"total": 2400, "distribution": {"http://localhost:8010": 2386, "http://localhost:8011": 3, "http://localhost:8007": 4, "http://localhost:8015": 1, "http://localhost:8004": 4, "http://localhost:8005": 2}}
{"total": 2400, "distribution": {"http://localhost:8010": 2379, "http://localhost:8011": 4, "http://localhost:8007": 4, "http://localhost:8015": 5, "http://localhost:8004": 5, "http://localhost:8005": 2, "http://localhost:8019": 1}}
{"total": 2400, "distribution": {"http://localhost:8010": 2371, "http://localhost:8011": 4, "http://localhost:8015": 5, "http://localhost:8007": 7, "http://localhost:8004": 7, "http://localhost:8005": 5, "http://localhost:8019": 1}}
{"total": 2400, "distribution": {"http://localhost:8010": 2375, "http://localhost:8011": 6, "http://localhost:8007": 11, "http://localhost:8015": 1, "http://localhost:8004": 5, "http://localhost:8005": 1, "http://localhost:8019": 1}}
{"total": 2400, "distribution": {"http://localhost:8010": 2378, "http://localhost:8007": 14, "http://localhost:8011": 1, "http://localhost:8004": 2, "http://localhost:8019": 2, "http://localhost:8015": 1, "http://localhost:8005": 2}}
{"total": 2400, "distribution": {"http://localhost:8010": 2379, "http://localhost:8007": 8, "http://localhost:8015": 2, "http://localhost:8011": 4, "http://localhost:8004": 2, "http://localhost:8019": 4, "http://localhost:8005": 1}}
{"total": 2400, "distribution": {"http://localhost:8010": 2373, "http://localhost:8011": 4, "http://localhost:8007": 10, "http://localhost:8015": 3, "http://localhost:8004": 5, "http://localhost:8005": 3, "http://localhost:8019": 2}}
{"total": 2400, "distribution": {"http://localhost:8010": 2378, "http://localhost:8007": 9, "http://localhost:8011": 4, "http://localhost:8015": 2, "http://localhost:8004": 6, "http://localhost:8019": 1}}
{"total": 2500, "distribution": {"http://localhost:8010": 2470, "http://localhost:8011": 10, "http://localhost:8007": 15, "http://localhost:8004": 1, "http://localhost:8019": 2, "http://localhost:8015": 1, "http://localhost:8005": 1}}
{"total": 2500, "distribution": {"http://localhost:8010": 2476, "http://localhost:8015": 4, "http://localhost:8007": 8, "http://localhost:8011": 3, "http://localhost:8004": 5, "http://localhost:8005": 1, "http://localhost:8019": 3}}
{"total": 2500, "distribution": {"http://localhost:8010": 2461, "http://localhost:8011": 6, "http://localhost:8007": 18, "http://localhost:8015": 5, "http://localhost:8004": 4, "http://localhost:8005": 6}}
{"total": 2500, "distribution": {"http://localhost:8010": 2486, "http://localhost:8011": 3, "http://localhost:8007": 4, "http://localhost:8015": 1, "http://localhost:8004": 4, "http://localhost:8005": 2}}
{"total": 2500, "distribution": {"http://localhost:8010": 2475, "http://localhost:8011": 6, "http://localhost:8007": 11, "http://localhost:8015": 1, "http://localhost:8004": 5, "http://localhost:8005": 1, "http://localhost:8019": 1}}
{"total": 2500, "distribution": {"http://localhost:8010": 2479, "http://localhost:8011": 4, "http://localhost:8007": 4, "http://localhost:8015": 5, "http://localhost:8004": 5, "http://localhost:8005": 2, "http://localhost:8019": 1}}
{"total": 2500, "distribution": {"http://localhost:8010": 2471, "http://localhost:8011": 4, "http://localhost:8015": 5, "http://localhost:8007": 7, "http://localhost:8004": 7, "http://localhost:8005": 5, "http://localhost:8019": 1}}
{"total": 2500, "distribution": {"http://localhost:8010": 2478, "http://localhost:8007": 14, "http://localhost:8011": 1, "http://localhost:8004": 2, "http://localhost:8019": 2, "http://localhost:8015": 1, "http://localhost:8005": 2}}
{"total": 2500, "distribution": {"http://localhost:8010": 2479, "http://localhost:8007": 8, "http://localhost:8015": 2, "http://localhost:8011": 4, "http://localhost:8004": 2, "http://localhost:8019": 4, "http://localhost:8005": 1}}
{"total": 2500, "distribution": {"http://localhost:8010": 2473, "http://localhost:8011": 4, "http://localhost:8007": 10, "http://localhost:8015": 3, "http://localhost:8004": 5, "http://localhost:8005": 3, "http://localhost:8019": 2}}
{"total": 2500, "distribution": {"http://localhost:8010": 2469, "http://localhost:8007": 12, "http://localhost:8011": 8, "http://localhost:8015": 2, "http://localhost:8004": 7, "http://localhost:8019": 2}}
{"total": 2600, "distribution": {"http://localhost:8010": 2546, "http://localhost:8011": 15, "http://localhost:8007": 29, "http://localhost:8004": 5, "http://localhost:8019": 2, "http://localhost:8015": 2, "http://localhost:8005": 1}}
{"total": 2600, "distribution": {"http://localhost:8010": 2551, "http://localhost:8011": 10, "http://localhost:8007": 21, "http://localhost:8015": 6, "http://localhost:8004": 5, "http://localhost:8005": 6, "http://localhost:8019": 1}}
{"total": 2600, "distribution": {"http://localhost:8010": 2561, "http://localhost:8015": 5, "http://localhost:8007": 14, "http://localhost:8011": 5, "http://localhost:8004": 9, "http://localhost:8005": 1, "http://localhost:8019": 5}}
{"total": 2600, "distribution": {"http://localhost:8010": 2575, "http://localhost:8011": 3, "http://localhost:8007": 11, "http://localhost:8015": 1, "http://localhost:8004": 7, "http://localhost:8005": 2, "http://localhost:8019": 1}}
{"total": 2600, "distribution": {"http://localhost:8010": 2565, "http://localhost:8011": 6, "http://localhost:8007": 17, "http://localhost:8015": 2, "http://localhost:8004": 6, "http://localhost:8005": 1, "http://localhost:8019": 3}}
{"total": 2600, "distribution": {"http://localhost:8010": 2567, "http://localhost:8011": 5, "http://localhost:8007": 10, "http://localhost:8015": 6, "http://localhost:8004": 8, "http://localhost:8005": 2, "http://localhost:8019": 2}}
{"total": 2600, "distribution": {"http://localhost:8010": 2567, "http://localhost:8011": 4, "http://localhost:8015": 5, "http://localhost:8007": 10, "http://localhost:8004": 8, "http://localhost:8005": 5, "http://localhost:8019": 1}}
{"total": 2600, "distribution": {"http://localhost:8010": 2568, "http://localhost:8007": 11, "http://localhost:8015": 3, "http://localhost:8011": 7, "http://localhost:8004": 5, "http://localhost:8019": 5, "http://localhost:8005": 1}}
{"total": 2600, "distribution": {"http://localhost:8010": 2565, "http://localhost:8007": 19, "http://localhost:8011": 2, "http://localhost:8004": 6, "http://localhost:8019": 3, "http://localhost:8015": 3, "http://localhost:8005": 2}}
{"total": 2600, "distribution": {"http://localhost:8010": 2564, "http://localhost:8011": 5, "http://localhost:8007": 12, "http://localhost:8015": 4, "http://localhost:8004": 7, "http://localhost:8005": 3, "http://localhost:8019": 5}}
{"total": 2600, "distribution": {"http://localhost:8010": 2569, "http://localhost:8007": 12, "http://localhost:8011": 8, "http://localhost:8015": 2, "http://localhost:8004": 7, "http://localhost:8019": 2}}
{"total": 2700, "distribution": {"http://localhost:8010": 2646, "http://localhost:8011": 15, "http://localhost:8007": 29, "http://localhost:8004": 5, "http://localhost:8019": 2, "http://localhost:8015": 2, "http://localhost:8005": 1}}
{"total": 2700, "distribution": {"http://localhost:8010": 2651, "http://localhost:8011": 10, "http://localhost:8007": 21, "http://localhost:8015": 6, "http://localhost:8004": 5, "http://localhost:8005": 6, "http://localhost:8019": 1}}
{"total": 2700, "distribution": {"http://localhost:8010": 2667, "http://localhost:8011": 5, "http://localhost:8007": 10, "http://localhost:8015": 6, "http://localhost:8004": 8, "http://localhost:8005": 2, "http://localhost:8019": 2}}
{"total": 2700, "distribution": {"http://localhost:8010": 2661, "http://localhost:8015": 5, "http://localhost:8007": 14, "http://localhost:8011": 5, "http://localhost:8004": 9, "http://localhost:8005": 1, "http://localhost:8019": 5}}
{"total": 2700, "distribution": {"http://localhost:8010": 2675, "http://localhost:8011": 3, "http://localhost:8007": 11, "http://localhost:8015": 1, "http://localhost:8004": 7, "http://localhost:8005": 2, "http://localhost:8019": 1}}
{"total": 2700, "distribution": {"http://localhost:8010": 2665, "http://localhost:8011": 6, "http://localhost:8007": 17, "http://localhost:8015": 2, "http://localhost:8004": 6, "http://localhost:8005": 1, "http://localhost:8019": 3}}
{"total": 2700, "distribution": {"http://localhost:8010": 2667, "http://localhost:8011": 4, "http://localhost:8015": 5, "http://localhost:8007": 10, "http://localhost:8004": 8, "http://localhost:8005": 5, "http://localhost:8019": 1}}
{"total": 2700, "distribution": {"http://localhost:8010": 2668, "http://localhost:8007": 11, "http://localhost:8015": 3, "http://localhost:8011": 7, "http://localhost:8004": 5, "http://localhost:8019": 5, "http://localhost:8005": 1}}
{"total": 2700, "distribution": {"http://localhost:8010": 2665, "http://localhost:8007": 19, "http://localhost:8011": 2, "http://localhost:8004": 6, "http://localhost:8019": 3, "http://localhost:8015": 3, "http://localhost:8005": 2}}
{"total": 2700, "distribution": {"http://localhost:8010": 2664, "http://localhost:8011": 5, "http://localhost:8007": 12, "http://localhost:8015": 4, "http://localhost:8004": 7, "http://localhost:8005": 3, "http://localhost:8019": 5}}
{"total": 2700, "distribution": {"http://localhost:8010": 2669, "http://localhost:8007": 12, "http://localhost:8011": 8, "http://localhost:8015": 2, "http://localhost:8004": 7, "http://localhost:8019": 2}}
{"total": 2800, "distribution": {"http://localhost:8010": 2751, "http://localhost:8011": 10, "http://localhost:8007": 21, "http://localhost:8015": 6, "http://localhost:8004": 5, "http://localhost:8005": 6, "http://localhost:8019": 1}}
{"total": 2800, "distribution": {"http://localhost:8010": 2746, "http://localhost:8011": 15, "http://localhost:8007": 29, "http://localhost:8004": 5, "http://localhost:8019": 2, "http://localhost:8015": 2, "http://localhost:8005": 1}}
{"total": 2800, "distribution": {"http://localhost:8010": 2761, "http://localhost:8015": 5, "http://localhost:8007": 14, "http://localhost:8011": 5, "http://localhost:8004": 9, "http://localhost:8005": 1, "http://localhost:8019": 5}}
{"total": 2800, "distribution": {"http://localhost:8010": 2775, "http://localhost:8011": 3, "http://localhost:8007": 11, "http://localhost:8015": 1, "http://localhost:8004": 7, "http://localhost:8005": 2, "http://localhost:8019": 1}}
{"total": 2800, "distribution": {"http://localhost:8010": 2767, "http://localhost:8011": 5, "http://localhost:8007": 10, "http://localhost:8015": 6, "http://localhost:8004": 8, "http://localhost:8005": 2, "http://localhost:8019": 2}}
{"total": 2800, "distribution": {"http://localhost:8010": 2765, "http://localhost:8011": 6, "http://localhost:8007": 17, "http://localhost:8015": 2, "http://localhost:8004": 6, "http://localhost:8005": 1, "http://localhost:8019": 3}}
{"total": 2800, "distribution": {"http://localhost:8010": 2767, "http://localhost:8011": 4, "http://localhost:8015": 5, "http://localhost:8007": 10, "http://localhost:8004": 8, "http://localhost:8005": 5, "http://localhost:8019": 1}}
{"total": 2800, "distribution": {"http://localhost:8010": 2765, "http://localhost:8007": 19, "http://localhost:8011": 2, "http://localhost:8004": 6, "http://localhost:8019": 3, "http://localhost:8015": 3, "http://localhost:8005": 2}}
{"total": 2800, "distribution": {"http://localhost:8010": 2768, "http://localhost:8007": 11, "http://localhost:8015": 3, "http://localhost:8011": 7, "http://localhost:8004": 5, "http://localhost:8019": 5, "http://localhost:8005": 1}}
{"total": 2800, "distribution": {"http://localhost:8010": 2764, "http://localhost:8011": 5, "http://localhost:8007": 12, "http://localhost:8015": 4, "http://localhost:8004": 7, "http://localhost:8005": 3, "http://localhost:8019": 5}}
{"total": 2800, "distribution": {"http://localhost:8010": 2769, "http://localhost:8007": 12, "http://localhost:8011": 8, "http://localhost:8015": 2, "http://localhost:8004": 7, "http://localhost:8019": 2}}
{"total": 2900, "distribution": {"http://localhost:8010": 2846, "http://localhost:8011": 15, "http://localhost:8007": 29, "http://localhost:8004": 5, "http://localhost:8019": 2, "http://localhost:8015": 2, "http://localhost:8005": 1}}
{"total": 2900, "distribution": {"http://localhost:8010": 2851, "http://localhost:8011": 10, "http://localhost:8007": 21, "http://localhost:8015": 6, "http://localhost:8004": 5, "http://localhost:8005": 6, "http://localhost:8019": 1}}
{"total": 2900, "distribution": {"http://localhost:8010": 2867, "http://localhost:8011": 5, "http://localhost:8007": 10, "http://localhost:8015": 6, "http://localhost:8004": 8, "http://localhost:8005": 2, "http://localhost:8019": 2}}
{"total": 2900, "distribution": {"http://localhost:8010": 2861, "http://localhost:8015": 5, "http://localhost:8007": 14, "http://localhost:8011": 5, "http://localhost:8004": 9, "http://localhost:8005": 1, "http://localhost:8019": 5}}
{"total": 2900, "distribution": {"http://localhost:8010": 2875, "http://localhost:8011": 3, "http://localhost:8007": 11, "http://localhost:8015": 1, "http://localhost:8004": 7, "http://localhost:8005": 2, "http://localhost:8019": 1}}
{"total": 2900, "distribution": {"http://localhost:8010": 2865, "http://localhost:8011": 6, "http://localhost:8007": 17, "http://localhost:8015": 2, "http://localhost:8004": 6, "http://localhost:8005": 1, "http://localhost:8019": 3}}
{"total": 2900, "distribution": {"http://localhost:8010": 2867, "http://localhost:8011": 4, "http://localhost:8015": 5, "http://localhost:8007": 10, "http://localhost:8004": 8, "http://localhost:8005": 5, "http://localhost:8019": 1}}
{"total": 2900, "distribution": {"http://localhost:8010": 2865, "http://localhost:8007": 19, "http://localhost:8011": 2, "http://localhost:8004": 6, "http://localhost:8019": 3, "http://localhost:8015": 3, "http://localhost:8005": 2}}
{"total": 2900, "distribution": {"http://localhost:8010": 2868, "http://localhost:8007": 11, "http://localhost:8015": 3, "http://localhost:8011": 7, "http://localhost:8004": 5, "http://localhost:8019": 5, "http://localhost:8005": 1}}
{"total": 2900, "distribution": {"http://localhost:8010": 2864, "http://localhost:8011": 5, "http://localhost:8007": 12, "http://localhost:8015": 4, "http://localhost:8004": 7, "http://localhost:8005": 3, "http://localhost:8019": 5}}
{"total": 2900, "distribution": {"http://localhost:8010": 2869, "http://localhost:8007": 12, "http://localhost:8011": 8, "http://localhost:8015": 2, "http://localhost:8004": 7, "http://localhost:8019": 2}}
{"total": 3000, "distribution": {"http://localhost:8010": 2951, "http://localhost:8011": 10, "http://localhost:8007": 21, "http://localhost:8015": 6, "http://localhost:8004": 5, "http://localhost:8005": 6, "http://localhost:8019": 1}}
{"total": 3000, "distribution": {"http://localhost:8010": 2946, "http://localhost:8011": 15, "http://localhost:8007": 29, "http://localhost:8004": 5, "http://localhost:8019": 2, "http://localhost:8015": 2, "http://localhost:8005": 1}}
{"total": 3000, "distribution": {"http://localhost:8010": 2961, "http://localhost:8015": 5, "http://localhost:8007": 14, "http://localhost:8011": 5, "http://localhost:8004": 9, "http://localhost:8005": 1, "http://localhost:8019": 5}}
{"total": 3000, "distribution": {"http://localhost:8010": 2967, "http://localhost:8011": 5, "http://localhost:8007": 10, "http://localhost:8015": 6, "http://localhost:8004": 8, "http://localhost:8005": 2, "http://localhost:8019": 2}}
{"total": 3000, "distribution": {"http://localhost:8010": 2975, "http://localhost:8011": 3, "http://localhost:8007": 11, "http://localhost:8015": 1, "http://localhost:8004": 7, "http://localhost:8005": 2, "http://localhost:8019": 1}}
{"total": 3000, "distribution": {"http://localhost:8010": 2967, "http://localhost:8011": 4, "http://localhost:8015": 5, "http://localhost:8007": 10, "http://localhost:8004": 8, "http://localhost:8005": 5, "http://localhost:8019": 1}}
{"total": 3000, "distribution": {"http://localhost:8010": 2965, "http://localhost:8011": 6, "http://localhost:8007": 17, "http://localhost:8015": 2, "http://localhost:8004": 6, "http://localhost:8005": 1, "http://localhost:8019": 3}}
{"total": 3000, "distribution": {"http://localhost:8010": 2968, "http://localhost:8007": 11, "http://localhost:8015": 3, "http://localhost:8011": 7, "http://localhost:8004": 5, "http://localhost:8019": 5, "http://localhost:8005": 1}}
{"total": 3000, "distribution": {"http://localhost:8010": 2965, "http://localhost:8007": 19, "http://localhost:8011": 2, "http://localhost:8004": 6, "http://localhost:8019": 3, "http://localhost:8015": 3, "http://localhost:8005": 2}}
{"total": 3000, "distribution": {"http://localhost:8010": 2964, "http://localhost:8011": 5, "http://localhost:8007": 12, "http://localhost:8015": 4, "http://localhost:8004": 7, "http://localhost:8005": 3, "http://localhost:8019": 5}}
{"total": 3000, "distribution": {"http://localhost:8010": 2969, "http://localhost:8007": 12, "http://localhost:8011": 8, "http://localhost:8015": 2, "http://localhost:8004": 7, "http://localhost:8019": 2}}
{"total": 3100, "distribution": {"http://localhost:8010": 3051, "http://localhost:8011": 10, "http://localhost:8007": 21, "http://localhost:8015": 6, "http://localhost:8004": 5, "http://localhost:8005": 6, "http://localhost:8019": 1}}
{"total": 3100, "distribution": {"http://localhost:8010": 3061, "http://localhost:8015": 5, "http://localhost:8007": 14, "http://localhost:8011": 5, "http://localhost:8004": 9, "http://localhost:8005": 1, "http://localhost:8019": 5}}
{"total": 3100, "distribution": {"http://localhost:8010": 3067, "http://localhost:8011": 5, "http://localhost:8007": 10, "http://localhost:8015": 6, "http://localhost:8004": 8, "http://localhost:8005": 2, "http://localhost:8019": 2}}
{"total": 3100, "distribution": {"http://localhost:8010": 3046, "http://localhost:8011": 15, "http://localhost:8007": 29, "http://localhost:8004": 5, "http://localhost:8019": 2, "http://localhost:8015": 2, "http://localhost:8005": 1}}
{"total": 3100, "distribution": {"http://localhost:8010": 3075, "http://localhost:8011": 3, "http://localhost:8007": 11, "http://localhost:8015": 1, "http://localhost:8004": 7, "http://localhost:8005": 2, "http://localhost:8019": 1}}
{"total": 3100, "distribution": {"http://localhost:8010": 3065, "http://localhost:8011": 6, "http://localhost:8007": 17, "http://localhost:8015": 2, "http://localhost:8004": 6, "http://localhost:8005": 1, "http://localhost:8019": 3}}
{"total": 3100, "distribution": {"http://localhost:8010": 3068, "http://localhost:8007": 11, "http://localhost:8015": 3, "http://localhost:8011": 7, "http://localhost:8004": 5, "http://localhost:8019": 5, "http://localhost:8005": 1}}
{"total": 3100, "distribution": {"http://localhost:8010": 3065, "http://localhost:8007": 19, "http://localhost:8011": 2, "http://localhost:8004": 6, "http://localhost:8019": 3, "http://localhost:8015": 3, "http://localhost:8005": 2}}
{"total": 3100, "distribution": {"http://localhost:8010": 3067, "http://localhost:8011": 4, "http://localhost:8015": 5, "http://localhost:8007": 10, "http://localhost:8004": 8, "http://localhost:8005": 5, "http://localhost:8019": 1}}
{"total": 3100, "distribution": {"http://localhost:8010": 3064, "http://localhost:8011": 5, "http://localhost:8007": 12, "http://localhost:8015": 4, "http://localhost:8004": 7, "http://localhost:8005": 3, "http://localhost:8019": 5}}
{"total": 3100, "distribution": {"http://localhost:8010": 3069, "http://localhost:8007": 12, "http://localhost:8011": 8, "http://localhost:8015": 2, "http://localhost:8004": 7, "http://localhost:8019": 2}}
{"total": 3200, "distribution": {"http://localhost:8010": 3151, "http://localhost:8011": 10, "http://localhost:8007": 21, "http://localhost:8015": 6, "http://localhost:8004": 5, "http://localhost:8005": 6, "http://localhost:8019": 1}}
{"total": 3200, "distribution": {"http://localhost:8010": 3161, "http://localhost:8015": 5, "http://localhost:8007": 14, "http://localhost:8011": 5, "http://localhost:8004": 9, "http://localhost:8005": 1, "http://localhost:8019": 5}}
{"total": 3200, "distribution": {"http://localhost:8010": 3146, "http://localhost:8011": 15, "http://localhost:8007": 29, "http://localhost:8004": 5, "http://localhost:8019": 2, "http://localhost:8015": 2, "http://localhost:8005": 1}}
{"total": 3200, "distribution": {"http://localhost:8010": 3167, "http://localhost:8011": 5, "http://localhost:8007": 10, "http://localhost:8015": 6, "http://localhost:8004": 8, "http://localhost:8005": 2, "http://localhost:8019": 2}}
{"total": 3200, "distribution": {"http://localhost:8010": 3165, "http://localhost:8011": 6, "http://localhost:8007": 17, "http://localhost:8015": 2, "http://localhost:8004": 6, "http://localhost:8005": 1, "http://localhost:8019": 3}}
{"total": 3200, "distribution": {"http://localhost:8010": 3175, "http://localhost:8011": 3, "http://localhost:8007": 11, "http://localhost:8015": 1, "http://localhost:8004": 7, "http://localhost:8005": 2, "http://localhost:8019": 1}}
{"total": 3200, "distribution": {"http://localhost:8010": 3168, "http://localhost:8007": 11, "http://localhost:8015": 3, "http://localhost:8011": 7, "http://localhost:8004": 5, "http://localhost:8019": 5, "http://localhost:8005": 1}}
{"total": 3200, "distribution": {"http://localhost:8010": 3165, "http://localhost:8007": 19, "http://localhost:8011": 2, "http://localhost:8004": 6, "http://localhost:8019": 3, "http://localhost:8015": 3, "http://localhost:8005": 2}}
{"total": 3200, "distribution": {"http://localhost:8010": 3167, "http://localhost:8011": 4, "http://localhost:8015": 5, "http://localhost:8007": 10, "http://localhost:8004": 8, "http://localhost:8005": 5, "http://localhost:8019": 1}}
{"total": 3200, "distribution": {"http://localhost:8010": 3164, "http://localhost:8011": 5, "http://localhost:8007": 12, "http://localhost:8015": 4, "http://localhost:8004": 7, "http://localhost:8005": 3, "http://localhost:8019": 5}}
{"total": 3200, "distribution": {"http://localhost:8010": 3169, "http://localhost:8007": 12, "http://localhost:8011": 8, "http://localhost:8015": 2, "http://localhost:8004": 7, "http://localhost:8019": 2}}
{"total": 3300, "distribution": {"http://localhost:8010": 3261, "http://localhost:8015": 5, "http://localhost:8007": 14, "http://localhost:8011": 5, "http://localhost:8004": 9, "http://localhost:8005": 1, "http://localhost:8019": 5}}
{"total": 3300, "distribution": {"http://localhost:8010": 3251, "http://localhost:8011": 10, "http://localhost:8007": 21, "http://localhost:8015": 6, "http://localhost:8004": 5, "http://localhost:8005": 6, "http://localhost:8019": 1}}
{"total": 3300, "distribution": {"http://localhost:8010": 3246, "http://localhost:8011": 15, "http://localhost:8007": 29, "http://localhost:8004": 5, "http://localhost:8019": 2, "http://localhost:8015": 2, "http://localhost:8005": 1}}
{"total": 3300, "distribution": {"http://localhost:8010": 3267, "http://localhost:8011": 5, "http://localhost:8007": 10, "http://localhost:8015": 6, "http://localhost:8004": 8, "http://localhost:8005": 2, "http://localhost:8019": 2}}
{"total": 3300, "distribution": {"http://localhost:8010": 3265, "http://localhost:8011": 6, "http://localhost:8007": 17, "http://localhost:8015": 2, "http://localhost:8004": 6, "http://localhost:8005": 1, "http://localhost:8019": 3}}
{"total": 3300, "distribution": {"http://localhost:8010": 3275, "http://localhost:8011": 3, "http://localhost:8007": 11, "http://localhost:8015": 1, "http://localhost:8004": 7, "http://localhost:8005": 2, "http://localhost:8019": 1}}
{"total": 3300, "distribution": {"http://localhost:8010": 3268, "http://localhost:8007": 11, "http://localhost:8015": 3, "http://localhost:8011": 7, "http://localhost:8004": 5, "http://localhost:8019": 5, "http://localhost:8005": 1}}
{"total": 3300, "distribution": {"http://localhost:8010": 3267, "http://localhost:8011": 4, "http://localhost:8015": 5, "http://localhost:8007": 10, "http://localhost:8004": 8, "http://localhost:8005": 5, "http://localhost:8019": 1}}
{"total": 3300, "distribution": {"http://localhost:8010": 3265, "http://localhost:8007": 19, "http://localhost:8011": 2, "http://localhost:8004": 6, "http://localhost:8019": 3, "http://localhost:8015": 3, "http://localhost:8005": 2}}
{"total": 3300, "distribution": {"http://localhost:8010": 3264, "http://localhost:8011": 5, "http://localhost:8007": 12, "http://localhost:8015": 4, "http://localhost:8004": 7, "http://localhost:8005": 3, "http://localhost:8019": 5}}
{"total": 3400, "distribution": {"http://localhost:8010": 3351, "http://localhost:8011": 10, "http://localhost:8007": 21, "http://localhost:8015": 6, "http://localhost:8004": 5, "http://localhost:8005": 6, "http://localhost:8019": 1}}
{"total": 3300, "distribution": {"http://localhost:8010": 3269, "http://localhost:8007": 12, "http://localhost:8011": 8, "http://localhost:8015": 2, "http://localhost:8004": 7, "http://localhost:8019": 2}}
{"total": 3400, "distribution": {"http://localhost:8010": 3361, "http://localhost:8015": 5, "http://localhost:8007": 14, "http://localhost:8011": 5, "http://localhost:8004": 9, "http://localhost:8005": 1, "http://localhost:8019": 5}}
{"total": 3400, "distribution": {"http://localhost:8010": 3346, "http://localhost:8011": 15, "http://localhost:8007": 29, "http://localhost:8004": 5, "http://localhost:8019": 2, "http://localhost:8015": 2, "http://localhost:8005": 1}}
{"total": 3400, "distribution": {"http://localhost:8010": 3367, "http://localhost:8011": 5, "http://localhost:8007": 10, "http://localhost:8015": 6, "http://localhost:8004": 8, "http://localhost:8005": 2, "http://localhost:8019": 2}}
{"total": 3400, "distribution": {"http://localhost:8010": 3365, "http://localhost:8011": 6, "http://localhost:8007": 17, "http://localhost:8015": 2, "http://localhost:8004": 6, "http://localhost:8005": 1, "http://localhost:8019": 3}}
{"total": 3400, "distribution": {"http://localhost:8010": 3368, "http://localhost:8007": 11, "http://localhost:8015": 3, "http://localhost:8011": 7, "http://localhost:8004": 5, "http://localhost:8019": 5, "http://localhost:8005": 1}}
{"total": 3400, "distribution": {"http://localhost:8010": 3367, "http://localhost:8011": 4, "http://localhost:8015": 5, "http://localhost:8007": 10, "http://localhost:8004": 8, "http://localhost:8005": 5, "http://localhost:8019": 1}}
{"total": 3400, "distribution": {"http://localhost:8010": 3375, "http://localhost:8011": 3, "http://localhost:8007": 11, "http://localhost:8015": 1, "http://localhost:8004": 7, "http://localhost:8005": 2, "http://localhost:8019": 1}}
{"total": 3400, "distribution": {"http://localhost:8010": 3365, "http://localhost:8007": 19, "http://localhost:8011": 2, "http://localhost:8004": 6, "http://localhost:8019": 3, "http://localhost:8015": 3, "http://localhost:8005": 2}}
{"total": 3400, "distribution": {"http://localhost:8010": 3351, "http://localhost:8011": 7, "http://localhost:8007": 19, "http://localhost:8015": 6, "http://localhost:8004": 8, "http://localhost:8005": 4, "http://localhost:8019": 5}}
{"total": 3500, "distribution": {"http://localhost:8010": 3440, "http://localhost:8011": 11, "http://localhost:8007": 27, "http://localhost:8015": 7, "http://localhost:8004": 6, "http://localhost:8005": 8, "http://localhost:8019": 1}}
{"total": 3400, "distribution": {"http://localhost:8010": 3351, "http://localhost:8007": 20, "http://localhost:8011": 10, "http://localhost:8015": 4, "http://localhost:8004": 10, "http://localhost:8019": 2, "http://localhost:8005": 3}}
{"total": 3500, "distribution": {"http://localhost:8010": 3452, "http://localhost:8015": 7, "http://localhost:8007": 19, "http://localhost:8011": 5, "http://localhost:8004": 11, "http://localhost:8005": 1, "http://localhost:8019": 5}}
