{"total": 100, "distribution": {"http://localhost:8005": 100}}
{"total": 100, "distribution": {"http://localhost:8005": 100}}
{"total": 100, "distribution": {"http://localhost:8005": 100}}
{"total": 100, "distribution": {"http://localhost:8005": 100}}
{"total": 100, "distribution": {"http://localhost:8005": 100}}
{"total": 100, "distribution": {"http://localhost:8005": 100}}
{"total": 100, "distribution": {"http://localhost:8005": 100}}
{"total": 100, "distribution": {"http://localhost:8005": 100}}
{"total": 100, "distribution": {"http://localhost:8005": 100}}
{"total": 100, "distribution": {"http://localhost:8005": 100}}
{"total": 100, "distribution": {"http://localhost:8005": 100}}
{"total": 200, "distribution": {"http://localhost:8005": 200}}
{"total": 200, "distribution": {"http://localhost:8005": 200}}
{"total": 200, "distribution": {"http://localhost:8005": 200}}
{"total": 200, "distribution": {"http://localhost:8005": 200}}
{"total": 200, "distribution": {"http://localhost:8005": 200}}
{"total": 200, "distribution": {"http://localhost:8005": 200}}
{"total": 200, "distribution": {"http://localhost:8005": 200}}
{"total": 200, "distribution": {"http://localhost:8005": 200}}
{"total": 200, "distribution": {"http://localhost:8005": 200}}
{"total": 200, "distribution": {"http://localhost:8005": 200}}
{"total": 200, "distribution": {"http://localhost:8005": 200}}
{"total": 300, "distribution": {"http://localhost:8005": 300}}
{"total": 300, "distribution": {"http://localhost:8005": 300}}
{"total": 300, "distribution": {"http://localhost:8005": 300}}
{"total": 300, "distribution": {"http://localhost:8005": 300}}
{"total": 300, "distribution": {"http://localhost:8005": 300}}
{"total": 300, "distribution": {"http://localhost:8005": 300}}
{"total": 300, "distribution": {"http://localhost:8005": 300}}
{"total": 300, "distribution": {"http://localhost:8005": 300}}
{"total": 300, "distribution": {"http://localhost:8005": 300}}
{"total": 300, "distribution": {"http://localhost:8005": 300}}
{"total": 300, "distribution": {"http://localhost:8005": 300}}
{"total": 400, "distribution": {"http://localhost:8005": 400}}
{"total": 400, "distribution": {"http://localhost:8005": 400}}
{"total": 400, "distribution": {"http://localhost:8005": 400}}
{"total": 400, "distribution": {"http://localhost:8005": 400}}
{"total": 400, "distribution": {"http://localhost:8005": 400}}
{"total": 400, "distribution": {"http://localhost:8005": 400}}
{"total": 400, "distribution": {"http://localhost:8005": 400}}
{"total": 400, "distribution": {"http://localhost:8005": 400}}
{"total": 400, "distribution": {"http://localhost:8005": 400}}
{"total": 400, "distribution": {"http://localhost:8005": 400}}
{"total": 400, "distribution": {"http://localhost:8005": 400}}
{"total": 500, "distribution": {"http://localhost:8005": 500}}
{"total": 500, "distribution": {"http://localhost:8005": 500}}
{"total": 500, "distribution": {"http://localhost:8005": 500}}
{"total": 500, "distribution": {"http://localhost:8005": 500}}
{"total": 500, "distribution": {"http://localhost:8005": 500}}
{"total": 500, "distribution": {"http://localhost:8005": 500}}
{"total": 500, "distribution": {"http://localhost:8005": 500}}
{"total": 500, "distribution": {"http://localhost:8005": 500}}
{"total": 500, "distribution": {"http://localhost:8005": 500}}
{"total": 500, "distribution": {"http://localhost:8005": 500}}
{"total": 500, "distribution": {"http://localhost:8005": 500}}
{"total": 600, "distribution": {"http://localhost:8005": 600}}
{"total": 600, "distribution": {"http://localhost:8005": 600}}
{"total": 600, "distribution": {"http://localhost:8005": 600}}
{"total": 600, "distribution": {"http://localhost:8005": 600}}
{"total": 600, "distribution": {"http://localhost:8005": 600}}
{"total": 600, "distribution": {"http://localhost:8005": 600}}
{"total": 600, "distribution": {"http://localhost:8005": 600}}
{"total": 600, "distribution": {"http://localhost:8005": 600}}
{"total": 600, "distribution": {"http://localhost:8005": 600}}
{"total": 600, "distribution": {"http://localhost:8005": 600}}
{"total": 600, "distribution": {"http://localhost:8005": 600}}
{"total": 700, "distribution": {"http://localhost:8005": 700}}
{"total": 700, "distribution": {"http://localhost:8005": 700}}
{"total": 700, "distribution": {"http://localhost:8005": 700}}
{"total": 700, "distribution": {"http://localhost:8005": 700}}
{"total": 700, "distribution": {"http://localhost:8005": 700}}
{"total": 700, "distribution": {"http://localhost:8005": 700}}
{"total": 700, "distribution": {"http://localhost:8005": 700}}
{"total": 700, "distribution": {"http://localhost:8005": 700}}
{"total": 700, "distribution": {"http://localhost:8005": 700}}
{"total": 700, "distribution": {"http://localhost:8005": 700}}
{"total": 700, "distribution": {"http://localhost:8005": 700}}
{"total": 800, "distribution": {"http://localhost:8005": 740, "http://localhost:8014": 6, "http://localhost:8002": 54}}
{"total": 800, "distribution": {"http://localhost:8005": 734, "http://localhost:8014": 6, "http://localhost:8002": 60}}
{"total": 800, "distribution": {"http://localhost:8005": 727, "http://localhost:8014": 10, "http://localhost:8002": 63}}
{"total": 800, "distribution": {"http://localhost:8005": 719, "http://localhost:8014": 13, "http://localhost:8002": 68}}
{"total": 800, "distribution": {"http://localhost:8005": 730, "http://localhost:8014": 9, "http://localhost:8002": 61}}
{"total": 800, "distribution": {"http://localhost:8005": 733, "http://localhost:8014": 4, "http://localhost:8002": 63}}
{"total": 800, "distribution": {"http://localhost:8005": 724, "http://localhost:8014": 9, "http://localhost:8002": 67}}
{"total": 800, "distribution": {"http://localhost:8005": 713, "http://localhost:8014": 12, "http://localhost:8002": 75}}
{"total": 800, "distribution": {"http://localhost:8005": 706, "http://localhost:8014": 7, "http://localhost:8002": 87}}
{"total": 800, "distribution": {"http://localhost:8005": 710, "http://localhost:8014": 10, "http://localhost:8002": 80}}
{"total": 800, "distribution": {"http://localhost:8005": 707, "http://localhost:8014": 10, "http://localhost:8002": 83}}
{"total": 900, "distribution": {"http://localhost:8005": 740, "http://localhost:8014": 6, "http://localhost:8002": 154}}
{"total": 900, "distribution": {"http://localhost:8005": 730, "http://localhost:8014": 9, "http://localhost:8002": 161}}
{"total": 900, "distribution": {"http://localhost:8005": 724, "http://localhost:8014": 9, "http://localhost:8002": 167}}
{"total": 900, "distribution": {"http://localhost:8005": 727, "http://localhost:8014": 10, "http://localhost:8002": 163}}
{"total": 900, "distribution": {"http://localhost:8005": 734, "http://localhost:8014": 6, "http://localhost:8002": 160}}
{"total": 900, "distribution": {"http://localhost:8005": 719, "http://localhost:8014": 13, "http://localhost:8002": 168}}
{"total": 900, "distribution": {"http://localhost:8005": 733, "http://localhost:8014": 4, "http://localhost:8002": 163}}
{"total": 900, "distribution": {"http://localhost:8005": 713, "http://localhost:8014": 12, "http://localhost:8002": 175}}
{"total": 900, "distribution": {"http://localhost:8005": 707, "http://localhost:8014": 10, "http://localhost:8002": 183}}
{"total": 900, "distribution": {"http://localhost:8005": 710, "http://localhost:8014": 10, "http://localhost:8002": 180}}
{"total": 900, "distribution": {"http://localhost:8005": 706, "http://localhost:8014": 7, "http://localhost:8002": 187}}
{"total": 1000, "distribution": {"http://localhost:8005": 740, "http://localhost:8014": 6, "http://localhost:8002": 254}}
{"total": 1000, "distribution": {"http://localhost:8005": 730, "http://localhost:8014": 9, "http://localhost:8002": 261}}
{"total": 1000, "distribution": {"http://localhost:8005": 724, "http://localhost:8014": 9, "http://localhost:8002": 267}}
{"total": 1000, "distribution": {"http://localhost:8005": 734, "http://localhost:8014": 6, "http://localhost:8002": 260}}
{"total": 1000, "distribution": {"http://localhost:8005": 719, "http://localhost:8014": 13, "http://localhost:8002": 268}}
{"total": 1000, "distribution": {"http://localhost:8005": 727, "http://localhost:8014": 10, "http://localhost:8002": 263}}
{"total": 1000, "distribution": {"http://localhost:8005": 733, "http://localhost:8014": 4, "http://localhost:8002": 263}}
{"total": 1000, "distribution": {"http://localhost:8005": 713, "http://localhost:8014": 12, "http://localhost:8002": 275}}
{"total": 1000, "distribution": {"http://localhost:8005": 706, "http://localhost:8014": 7, "http://localhost:8002": 287}}
{"total": 1000, "distribution": {"http://localhost:8005": 710, "http://localhost:8014": 10, "http://localhost:8002": 280}}
{"total": 1000, "distribution": {"http://localhost:8005": 707, "http://localhost:8014": 10, "http://localhost:8002": 283}}
{"total": 1100, "distribution": {"http://localhost:8005": 740, "http://localhost:8014": 6, "http://localhost:8002": 354}}
{"total": 1100, "distribution": {"http://localhost:8005": 724, "http://localhost:8014": 9, "http://localhost:8002": 367}}
{"total": 1100, "distribution": {"http://localhost:8005": 734, "http://localhost:8014": 6, "http://localhost:8002": 360}}
{"total": 1100, "distribution": {"http://localhost:8005": 730, "http://localhost:8014": 9, "http://localhost:8002": 361}}
{"total": 1100, "distribution": {"http://localhost:8005": 719, "http://localhost:8014": 13, "http://localhost:8002": 368}}
{"total": 1100, "distribution": {"http://localhost:8005": 727, "http://localhost:8014": 10, "http://localhost:8002": 363}}
{"total": 1100, "distribution": {"http://localhost:8005": 713, "http://localhost:8014": 12, "http://localhost:8002": 375}}
{"total": 1100, "distribution": {"http://localhost:8005": 733, "http://localhost:8014": 4, "http://localhost:8002": 363}}
{"total": 1100, "distribution": {"http://localhost:8005": 706, "http://localhost:8014": 7, "http://localhost:8002": 387}}
{"total": 1100, "distribution": {"http://localhost:8005": 707, "http://localhost:8014": 10, "http://localhost:8002": 383}}
{"total": 1100, "distribution": {"http://localhost:8005": 710, "http://localhost:8014": 10, "http://localhost:8002": 380}}
{"total": 1200, "distribution": {"http://localhost:8005": 740, "http://localhost:8014": 6, "http://localhost:8002": 454}}
{"total": 1200, "distribution": {"http://localhost:8005": 734, "http://localhost:8014": 6, "http://localhost:8002": 460}}
{"total": 1200, "distribution": {"http://localhost:8005": 719, "http://localhost:8014": 13, "http://localhost:8002": 468}}
{"total": 1200, "distribution": {"http://localhost:8005": 730, "http://localhost:8014": 9, "http://localhost:8002": 461}}
{"total": 1200, "distribution": {"http://localhost:8005": 727, "http://localhost:8014": 10, "http://localhost:8002": 463}}
{"total": 1200, "distribution": {"http://localhost:8005": 724, "http://localhost:8014": 9, "http://localhost:8002": 467}}
{"total": 1200, "distribution": {"http://localhost:8005": 706, "http://localhost:8014": 7, "http://localhost:8002": 487}}
{"total": 1200, "distribution": {"http://localhost:8005": 713, "http://localhost:8014": 12, "http://localhost:8002": 475}}
{"total": 1200, "distribution": {"http://localhost:8005": 733, "http://localhost:8014": 4, "http://localhost:8002": 463}}
{"total": 1200, "distribution": {"http://localhost:8005": 710, "http://localhost:8014": 10, "http://localhost:8002": 480}}
{"total": 1200, "distribution": {"http://localhost:8005": 707, "http://localhost:8014": 10, "http://localhost:8002": 483}}
{"total": 1300, "distribution": {"http://localhost:8005": 740, "http://localhost:8014": 6, "http://localhost:8002": 554}}
{"total": 1300, "distribution": {"http://localhost:8005": 727, "http://localhost:8014": 10, "http://localhost:8002": 563}}
{"total": 1300, "distribution": {"http://localhost:8005": 734, "http://localhost:8014": 6, "http://localhost:8002": 560}}
{"total": 1300, "distribution": {"http://localhost:8005": 724, "http://localhost:8014": 9, "http://localhost:8002": 567}}
{"total": 1300, "distribution": {"http://localhost:8005": 730, "http://localhost:8014": 9, "http://localhost:8002": 561}}
{"total": 1300, "distribution": {"http://localhost:8005": 719, "http://localhost:8014": 13, "http://localhost:8002": 568}}
{"total": 1300, "distribution": {"http://localhost:8005": 706, "http://localhost:8014": 7, "http://localhost:8002": 587}}
{"total": 1300, "distribution": {"http://localhost:8005": 713, "http://localhost:8014": 12, "http://localhost:8002": 575}}
{"total": 1300, "distribution": {"http://localhost:8005": 707, "http://localhost:8014": 10, "http://localhost:8002": 583}}
{"total": 1300, "distribution": {"http://localhost:8005": 733, "http://localhost:8014": 4, "http://localhost:8002": 563}}
{"total": 1300, "distribution": {"http://localhost:8005": 710, "http://localhost:8014": 10, "http://localhost:8002": 580}}
{"total": 1400, "distribution": {"http://localhost:8005": 740, "http://localhost:8014": 6, "http://localhost:8002": 654}}
{"total": 1400, "distribution": {"http://localhost:8005": 734, "http://localhost:8014": 6, "http://localhost:8002": 660}}
{"total": 1400, "distribution": {"http://localhost:8005": 727, "http://localhost:8014": 10, "http://localhost:8002": 663}}
{"total": 1400, "distribution": {"http://localhost:8005": 724, "http://localhost:8014": 9, "http://localhost:8002": 667}}
{"total": 1400, "distribution": {"http://localhost:8005": 730, "http://localhost:8014": 9, "http://localhost:8002": 661}}
{"total": 1400, "distribution": {"http://localhost:8005": 719, "http://localhost:8014": 13, "http://localhost:8002": 668}}
{"total": 1400, "distribution": {"http://localhost:8005": 713, "http://localhost:8014": 12, "http://localhost:8002": 675}}
{"total": 1400, "distribution": {"http://localhost:8005": 706, "http://localhost:8014": 7, "http://localhost:8002": 687}}
{"total": 1400, "distribution": {"http://localhost:8005": 710, "http://localhost:8014": 10, "http://localhost:8002": 680}}
{"total": 1400, "distribution": {"http://localhost:8005": 707, "http://localhost:8014": 10, "http://localhost:8002": 683}}
{"total": 1400, "distribution": {"http://localhost:8005": 733, "http://localhost:8014": 4, "http://localhost:8002": 663}}
{"total": 1500, "distribution": {"http://localhost:8005": 740, "http://localhost:8014": 6, "http://localhost:8002": 754}}
{"total": 1500, "distribution": {"http://localhost:8005": 734, "http://localhost:8014": 6, "http://localhost:8002": 760}}
{"total": 1500, "distribution": {"http://localhost:8005": 730, "http://localhost:8014": 9, "http://localhost:8002": 761}}
{"total": 1500, "distribution": {"http://localhost:8005": 724, "http://localhost:8014": 9, "http://localhost:8002": 767}}
{"total": 1500, "distribution": {"http://localhost:8005": 727, "http://localhost:8014": 10, "http://localhost:8002": 763}}
{"total": 1500, "distribution": {"http://localhost:8005": 713, "http://localhost:8014": 12, "http://localhost:8002": 775}}
{"total": 1500, "distribution": {"http://localhost:8005": 719, "http://localhost:8014": 13, "http://localhost:8002": 768}}
{"total": 1500, "distribution": {"http://localhost:8005": 707, "http://localhost:8014": 10, "http://localhost:8002": 783}}
{"total": 1500, "distribution": {"http://localhost:8005": 706, "http://localhost:8014": 7, "http://localhost:8002": 787}}
{"total": 1500, "distribution": {"http://localhost:8005": 710, "http://localhost:8014": 10, "http://localhost:8002": 780}}
{"total": 1500, "distribution": {"http://localhost:8005": 733, "http://localhost:8014": 4, "http://localhost:8002": 763}}
{"total": 1600, "distribution": {"http://localhost:8005": 740, "http://localhost:8014": 6, "http://localhost:8002": 854}}
{"total": 1600, "distribution": {"http://localhost:8005": 734, "http://localhost:8014": 6, "http://localhost:8002": 860}}
{"total": 1600, "distribution": {"http://localhost:8005": 730, "http://localhost:8014": 9, "http://localhost:8002": 861}}
{"total": 1600, "distribution": {"http://localhost:8005": 724, "http://localhost:8014": 9, "http://localhost:8002": 867}}
{"total": 1600, "distribution": {"http://localhost:8005": 727, "http://localhost:8014": 10, "http://localhost:8002": 863}}
{"total": 1600, "distribution": {"http://localhost:8005": 713, "http://localhost:8014": 12, "http://localhost:8002": 875}}
{"total": 1600, "distribution": {"http://localhost:8005": 719, "http://localhost:8014": 13, "http://localhost:8002": 868}}
{"total": 1600, "distribution": {"http://localhost:8005": 706, "http://localhost:8014": 7, "http://localhost:8002": 887}}
{"total": 1600, "distribution": {"http://localhost:8005": 707, "http://localhost:8014": 10, "http://localhost:8002": 883}}
{"total": 1600, "distribution": {"http://localhost:8005": 710, "http://localhost:8014": 10, "http://localhost:8002": 876, "http://localhost:8011": 4}}
{"total": 1600, "distribution": {"http://localhost:8005": 733, "http://localhost:8014": 4, "http://localhost:8002": 857, "http://localhost:8011": 6}}
{"total": 1700, "distribution": {"http://localhost:8005": 740, "http://localhost:8014": 6, "http://localhost:8002": 895, "http://localhost:8011": 11, "http://localhost:8017": 3, "http://localhost:8006": 45}}
{"total": 1700, "distribution": {"http://localhost:8005": 734, "http://localhost:8014": 6, "http://localhost:8002": 892, "http://localhost:8011": 10, "http://localhost:8017": 1, "http://localhost:8006": 57}}
{"total": 1700, "distribution": {"http://localhost:8005": 713, "http://localhost:8014": 12, "http://localhost:8002": 890, "http://localhost:8011": 5, "http://localhost:8017": 1, "http://localhost:8006": 79}}
{"total": 1700, "distribution": {"http://localhost:8005": 719, "http://localhost:8014": 13, "http://localhost:8002": 891, "http://localhost:8011": 5, "http://localhost:8017": 2, "http://localhost:8006": 70}}
{"total": 1700, "distribution": {"http://localhost:8005": 727, "http://localhost:8014": 10, "http://localhost:8002": 885, "http://localhost:8011": 4, "http://localhost:8017": 3, "http://localhost:8006": 71}}
{"total": 1700, "distribution": {"http://localhost:8005": 724, "http://localhost:8014": 9, "http://localhost:8002": 888, "http://localhost:8011": 7, "http://localhost:8017": 2, "http://localhost:8006": 70}}
{"total": 1700, "distribution": {"http://localhost:8005": 730, "http://localhost:8014": 9, "http://localhost:8002": 880, "http://localhost:8011": 10, "http://localhost:8006": 71}}
{"total": 1700, "distribution": {"http://localhost:8005": 706, "http://localhost:8014": 7, "http://localhost:8002": 906, "http://localhost:8011": 5, "http://localhost:8017": 3, "http://localhost:8006": 73}}
{"total": 1700, "distribution": {"http://localhost:8005": 707, "http://localhost:8014": 10, "http://localhost:8002": 886, "http://localhost:8011": 7, "http://localhost:8017": 7, "http://localhost:8006": 83}}
{"total": 1700, "distribution": {"http://localhost:8005": 733, "http://localhost:8014": 4, "http://localhost:8002": 857, "http://localhost:8011": 7, "http://localhost:8017": 2, "http://localhost:8006": 97}}
{"total": 1700, "distribution": {"http://localhost:8005": 710, "http://localhost:8014": 10, "http://localhost:8002": 876, "http://localhost:8011": 8, "http://localhost:8017": 4, "http://localhost:8006": 92}}
{"total": 1800, "distribution": {"http://localhost:8005": 740, "http://localhost:8014": 6, "http://localhost:8002": 895, "http://localhost:8011": 11, "http://localhost:8017": 3, "http://localhost:8006": 145}}
{"total": 1800, "distribution": {"http://localhost:8005": 734, "http://localhost:8014": 6, "http://localhost:8002": 892, "http://localhost:8011": 10, "http://localhost:8017": 1, "http://localhost:8006": 157}}
{"total": 1800, "distribution": {"http://localhost:8005": 706, "http://localhost:8014": 7, "http://localhost:8002": 906, "http://localhost:8011": 5, "http://localhost:8017": 3, "http://localhost:8006": 173}}
{"total": 1800, "distribution": {"http://localhost:8005": 719, "http://localhost:8014": 13, "http://localhost:8002": 891, "http://localhost:8011": 5, "http://localhost:8017": 2, "http://localhost:8006": 170}}
{"total": 1800, "distribution": {"http://localhost:8005": 713, "http://localhost:8014": 12, "http://localhost:8002": 890, "http://localhost:8011": 5, "http://localhost:8017": 1, "http://localhost:8006": 179}}
{"total": 1800, "distribution": {"http://localhost:8005": 724, "http://localhost:8014": 9, "http://localhost:8002": 888, "http://localhost:8011": 7, "http://localhost:8017": 2, "http://localhost:8006": 170}}
{"total": 1800, "distribution": {"http://localhost:8005": 727, "http://localhost:8014": 10, "http://localhost:8002": 885, "http://localhost:8011": 4, "http://localhost:8017": 3, "http://localhost:8006": 171}}
{"total": 1800, "distribution": {"http://localhost:8005": 730, "http://localhost:8014": 9, "http://localhost:8002": 880, "http://localhost:8011": 10, "http://localhost:8006": 171}}
{"total": 1800, "distribution": {"http://localhost:8005": 733, "http://localhost:8014": 4, "http://localhost:8002": 857, "http://localhost:8011": 7, "http://localhost:8017": 2, "http://localhost:8006": 197}}
{"total": 1800, "distribution": {"http://localhost:8005": 707, "http://localhost:8014": 10, "http://localhost:8002": 886, "http://localhost:8011": 7, "http://localhost:8017": 7, "http://localhost:8006": 183}}
{"total": 1800, "distribution": {"http://localhost:8005": 710, "http://localhost:8014": 10, "http://localhost:8002": 876, "http://localhost:8011": 8, "http://localhost:8017": 4, "http://localhost:8006": 192}}
{"total": 1900, "distribution": {"http://localhost:8005": 740, "http://localhost:8014": 6, "http://localhost:8002": 895, "http://localhost:8011": 11, "http://localhost:8017": 3, "http://localhost:8006": 245}}
{"total": 1900, "distribution": {"http://localhost:8005": 734, "http://localhost:8014": 6, "http://localhost:8002": 892, "http://localhost:8011": 10, "http://localhost:8017": 1, "http://localhost:8006": 257}}
{"total": 1900, "distribution": {"http://localhost:8005": 727, "http://localhost:8014": 10, "http://localhost:8002": 885, "http://localhost:8011": 4, "http://localhost:8017": 3, "http://localhost:8006": 271}}
{"total": 1900, "distribution": {"http://localhost:8005": 713, "http://localhost:8014": 12, "http://localhost:8002": 890, "http://localhost:8011": 5, "http://localhost:8017": 1, "http://localhost:8006": 279}}
{"total": 1900, "distribution": {"http://localhost:8005": 719, "http://localhost:8014": 13, "http://localhost:8002": 891, "http://localhost:8011": 5, "http://localhost:8017": 2, "http://localhost:8006": 270}}
{"total": 1900, "distribution": {"http://localhost:8005": 724, "http://localhost:8014": 9, "http://localhost:8002": 888, "http://localhost:8011": 7, "http://localhost:8017": 2, "http://localhost:8006": 270}}
{"total": 1900, "distribution": {"http://localhost:8005": 706, "http://localhost:8014": 7, "http://localhost:8002": 906, "http://localhost:8011": 5, "http://localhost:8017": 3, "http://localhost:8006": 273}}
{"total": 1900, "distribution": {"http://localhost:8005": 730, "http://localhost:8014": 9, "http://localhost:8002": 880, "http://localhost:8011": 10, "http://localhost:8006": 271}}
{"total": 1900, "distribution": {"http://localhost:8005": 733, "http://localhost:8014": 4, "http://localhost:8002": 857, "http://localhost:8011": 7, "http://localhost:8017": 2, "http://localhost:8006": 297}}
{"total": 1900, "distribution": {"http://localhost:8005": 710, "http://localhost:8014": 10, "http://localhost:8002": 876, "http://localhost:8011": 8, "http://localhost:8017": 4, "http://localhost:8006": 292}}
{"total": 1900, "distribution": {"http://localhost:8005": 707, "http://localhost:8014": 10, "http://localhost:8002": 886, "http://localhost:8011": 7, "http://localhost:8017": 7, "http://localhost:8006": 283}}
{"total": 2000, "distribution": {"http://localhost:8005": 740, "http://localhost:8014": 6, "http://localhost:8002": 895, "http://localhost:8011": 11, "http://localhost:8017": 3, "http://localhost:8006": 345}}
{"total": 2000, "distribution": {"http://localhost:8005": 734, "http://localhost:8014": 6, "http://localhost:8002": 892, "http://localhost:8011": 10, "http://localhost:8017": 1, "http://localhost:8006": 357}}
{"total": 2000, "distribution": {"http://localhost:8005": 727, "http://localhost:8014": 10, "http://localhost:8002": 885, "http://localhost:8011": 4, "http://localhost:8017": 3, "http://localhost:8006": 371}}
{"total": 2000, "distribution": {"http://localhost:8005": 719, "http://localhost:8014": 13, "http://localhost:8002": 891, "http://localhost:8011": 5, "http://localhost:8017": 2, "http://localhost:8006": 370}}
{"total": 2000, "distribution": {"http://localhost:8005": 713, "http://localhost:8014": 12, "http://localhost:8002": 890, "http://localhost:8011": 5, "http://localhost:8017": 1, "http://localhost:8006": 379}}
{"total": 2000, "distribution": {"http://localhost:8005": 706, "http://localhost:8014": 7, "http://localhost:8002": 906, "http://localhost:8011": 5, "http://localhost:8017": 3, "http://localhost:8006": 373}}
{"total": 2000, "distribution": {"http://localhost:8005": 724, "http://localhost:8014": 9, "http://localhost:8002": 888, "http://localhost:8011": 7, "http://localhost:8017": 2, "http://localhost:8006": 370}}
{"total": 2000, "distribution": {"http://localhost:8005": 730, "http://localhost:8014": 9, "http://localhost:8002": 880, "http://localhost:8011": 10, "http://localhost:8006": 371}}
{"total": 2000, "distribution": {"http://localhost:8005": 707, "http://localhost:8014": 10, "http://localhost:8002": 886, "http://localhost:8011": 7, "http://localhost:8017": 7, "http://localhost:8006": 383}}
{"total": 2000, "distribution": {"http://localhost:8005": 733, "http://localhost:8014": 4, "http://localhost:8002": 857, "http://localhost:8011": 7, "http://localhost:8017": 2, "http://localhost:8006": 397}}
{"total": 2000, "distribution": {"http://localhost:8005": 710, "http://localhost:8014": 10, "http://localhost:8002": 876, "http://localhost:8011": 8, "http://localhost:8017": 4, "http://localhost:8006": 392}}
{"total": 2100, "distribution": {"http://localhost:8005": 740, "http://localhost:8014": 6, "http://localhost:8002": 895, "http://localhost:8011": 11, "http://localhost:8017": 3, "http://localhost:8006": 445}}
{"total": 2100, "distribution": {"http://localhost:8005": 734, "http://localhost:8014": 6, "http://localhost:8002": 892, "http://localhost:8011": 10, "http://localhost:8017": 1, "http://localhost:8006": 457}}
{"total": 2100, "distribution": {"http://localhost:8005": 727, "http://localhost:8014": 10, "http://localhost:8002": 885, "http://localhost:8011": 4, "http://localhost:8017": 3, "http://localhost:8006": 471}}
{"total": 2100, "distribution": {"http://localhost:8005": 706, "http://localhost:8014": 7, "http://localhost:8002": 906, "http://localhost:8011": 5, "http://localhost:8017": 3, "http://localhost:8006": 473}}
{"total": 2100, "distribution": {"http://localhost:8005": 713, "http://localhost:8014": 12, "http://localhost:8002": 890, "http://localhost:8011": 5, "http://localhost:8017": 1, "http://localhost:8006": 479}}
{"total": 2100, "distribution": {"http://localhost:8005": 719, "http://localhost:8014": 13, "http://localhost:8002": 891, "http://localhost:8011": 5, "http://localhost:8017": 2, "http://localhost:8006": 470}}
{"total": 2100, "distribution": {"http://localhost:8005": 724, "http://localhost:8014": 9, "http://localhost:8002": 888, "http://localhost:8011": 7, "http://localhost:8017": 2, "http://localhost:8006": 470}}
{"total": 2100, "distribution": {"http://localhost:8005": 733, "http://localhost:8014": 4, "http://localhost:8002": 857, "http://localhost:8011": 7, "http://localhost:8017": 2, "http://localhost:8006": 497}}
{"total": 2100, "distribution": {"http://localhost:8005": 730, "http://localhost:8014": 9, "http://localhost:8002": 880, "http://localhost:8011": 10, "http://localhost:8006": 471}}
{"total": 2100, "distribution": {"http://localhost:8005": 710, "http://localhost:8014": 10, "http://localhost:8002": 876, "http://localhost:8011": 8, "http://localhost:8017": 4, "http://localhost:8006": 492}}
{"total": 2100, "distribution": {"http://localhost:8005": 707, "http://localhost:8014": 10, "http://localhost:8002": 886, "http://localhost:8011": 7, "http://localhost:8017": 7, "http://localhost:8006": 483}}
{"total": 2200, "distribution": {"http://localhost:8005": 740, "http://localhost:8014": 6, "http://localhost:8002": 895, "http://localhost:8011": 11, "http://localhost:8017": 3, "http://localhost:8006": 545}}
{"total": 2200, "distribution": {"http://localhost:8005": 727, "http://localhost:8014": 10, "http://localhost:8002": 885, "http://localhost:8011": 4, "http://localhost:8017": 3, "http://localhost:8006": 571}}
{"total": 2200, "distribution": {"http://localhost:8005": 734, "http://localhost:8014": 6, "http://localhost:8002": 892, "http://localhost:8011": 10, "http://localhost:8017": 1, "http://localhost:8006": 557}}
{"total": 2200, "distribution": {"http://localhost:8005": 713, "http://localhost:8014": 12, "http://localhost:8002": 890, "http://localhost:8011": 5, "http://localhost:8017": 1, "http://localhost:8006": 579}}
{"total": 2200, "distribution": {"http://localhost:8005": 719, "http://localhost:8014": 13, "http://localhost:8002": 891, "http://localhost:8011": 5, "http://localhost:8017": 2, "http://localhost:8006": 570}}
{"total": 2200, "distribution": {"http://localhost:8005": 706, "http://localhost:8014": 7, "http://localhost:8002": 906, "http://localhost:8011": 5, "http://localhost:8017": 3, "http://localhost:8006": 573}}
{"total": 2200, "distribution": {"http://localhost:8005": 724, "http://localhost:8014": 9, "http://localhost:8002": 888, "http://localhost:8011": 7, "http://localhost:8017": 2, "http://localhost:8006": 570}}
{"total": 2200, "distribution": {"http://localhost:8005": 733, "http://localhost:8014": 4, "http://localhost:8002": 857, "http://localhost:8011": 7, "http://localhost:8017": 2, "http://localhost:8006": 597}}
{"total": 2200, "distribution": {"http://localhost:8005": 730, "http://localhost:8014": 9, "http://localhost:8002": 880, "http://localhost:8011": 10, "http://localhost:8006": 571}}
{"total": 2200, "distribution": {"http://localhost:8005": 710, "http://localhost:8014": 10, "http://localhost:8002": 876, "http://localhost:8011": 8, "http://localhost:8017": 4, "http://localhost:8006": 592}}
{"total": 2200, "distribution": {"http://localhost:8005": 707, "http://localhost:8014": 10, "http://localhost:8002": 886, "http://localhost:8011": 7, "http://localhost:8017": 7, "http://localhost:8006": 583}}
{"total": 2300, "distribution": {"http://localhost:8005": 740, "http://localhost:8014": 6, "http://localhost:8002": 895, "http://localhost:8011": 11, "http://localhost:8017": 3, "http://localhost:8006": 645}}
{"total": 2300, "distribution": {"http://localhost:8005": 734, "http://localhost:8014": 6, "http://localhost:8002": 892, "http://localhost:8011": 10, "http://localhost:8017": 1, "http://localhost:8006": 657}}
{"total": 2300, "distribution": {"http://localhost:8005": 727, "http://localhost:8014": 10, "http://localhost:8002": 885, "http://localhost:8011": 4, "http://localhost:8017": 3, "http://localhost:8006": 671}}
{"total": 2300, "distribution": {"http://localhost:8005": 713, "http://localhost:8014": 12, "http://localhost:8002": 890, "http://localhost:8011": 5, "http://localhost:8017": 1, "http://localhost:8006": 679}}
{"total": 2300, "distribution": {"http://localhost:8005": 719, "http://localhost:8014": 13, "http://localhost:8002": 891, "http://localhost:8011": 5, "http://localhost:8017": 2, "http://localhost:8006": 670}}
{"total": 2300, "distribution": {"http://localhost:8005": 724, "http://localhost:8014": 9, "http://localhost:8002": 888, "http://localhost:8011": 7, "http://localhost:8017": 2, "http://localhost:8006": 670}}
{"total": 2300, "distribution": {"http://localhost:8005": 706, "http://localhost:8014": 7, "http://localhost:8002": 906, "http://localhost:8011": 5, "http://localhost:8017": 3, "http://localhost:8006": 673}}
{"total": 2300, "distribution": {"http://localhost:8005": 733, "http://localhost:8014": 4, "http://localhost:8002": 857, "http://localhost:8011": 7, "http://localhost:8017": 2, "http://localhost:8006": 697}}
{"total": 2300, "distribution": {"http://localhost:8005": 730, "http://localhost:8014": 9, "http://localhost:8002": 880, "http://localhost:8011": 10, "http://localhost:8006": 671}}
{"total": 2300, "distribution": {"http://localhost:8005": 707, "http://localhost:8014": 10, "http://localhost:8002": 886, "http://localhost:8011": 7, "http://localhost:8017": 7, "http://localhost:8006": 683}}
{"total": 2300, "distribution": {"http://localhost:8005": 710, "http://localhost:8014": 10, "http://localhost:8002": 876, "http://localhost:8011": 8, "http://localhost:8017": 4, "http://localhost:8006": 692}}
{"total": 2400, "distribution": {"http://localhost:8005": 740, "http://localhost:8014": 6, "http://localhost:8002": 895, "http://localhost:8011": 11, "http://localhost:8017": 3, "http://localhost:8006": 745}}
{"total": 2400, "distribution": {"http://localhost:8005": 734, "http://localhost:8014": 6, "http://localhost:8002": 892, "http://localhost:8011": 10, "http://localhost:8017": 1, "http://localhost:8006": 757}}
{"total": 2400, "distribution": {"http://localhost:8005": 727, "http://localhost:8014": 10, "http://localhost:8002": 885, "http://localhost:8011": 4, "http://localhost:8017": 3, "http://localhost:8006": 771}}
{"total": 2400, "distribution": {"http://localhost:8005": 713, "http://localhost:8014": 12, "http://localhost:8002": 890, "http://localhost:8011": 5, "http://localhost:8017": 1, "http://localhost:8006": 779}}
{"total": 2400, "distribution": {"http://localhost:8005": 706, "http://localhost:8014": 7, "http://localhost:8002": 906, "http://localhost:8011": 5, "http://localhost:8017": 3, "http://localhost:8006": 773}}
{"total": 2400, "distribution": {"http://localhost:8005": 719, "http://localhost:8014": 13, "http://localhost:8002": 891, "http://localhost:8011": 5, "http://localhost:8017": 2, "http://localhost:8006": 770}}
{"total": 2400, "distribution": {"http://localhost:8005": 733, "http://localhost:8014": 4, "http://localhost:8002": 857, "http://localhost:8011": 7, "http://localhost:8017": 2, "http://localhost:8006": 797}}
{"total": 2400, "distribution": {"http://localhost:8005": 724, "http://localhost:8014": 9, "http://localhost:8002": 888, "http://localhost:8011": 7, "http://localhost:8017": 2, "http://localhost:8006": 770}}
{"total": 2400, "distribution": {"http://localhost:8005": 710, "http://localhost:8014": 10, "http://localhost:8002": 876, "http://localhost:8011": 8, "http://localhost:8017": 4, "http://localhost:8006": 792}}
{"total": 2400, "distribution": {"http://localhost:8005": 730, "http://localhost:8014": 9, "http://localhost:8002": 880, "http://localhost:8011": 10, "http://localhost:8006": 771}}
{"total": 2400, "distribution": {"http://localhost:8005": 707, "http://localhost:8014": 10, "http://localhost:8002": 886, "http://localhost:8011": 7, "http://localhost:8017": 7, "http://localhost:8006": 783}}
{"total": 2500, "distribution": {"http://localhost:8005": 740, "http://localhost:8014": 6, "http://localhost:8002": 895, "http://localhost:8011": 11, "http://localhost:8017": 3, "http://localhost:8006": 845}}
{"total": 2500, "distribution": {"http://localhost:8005": 727, "http://localhost:8014": 10, "http://localhost:8002": 885, "http://localhost:8011": 4, "http://localhost:8017": 3, "http://localhost:8006": 871}}
{"total": 2500, "distribution": {"http://localhost:8005": 734, "http://localhost:8014": 6, "http://localhost:8002": 892, "http://localhost:8011": 10, "http://localhost:8017": 1, "http://localhost:8006": 857}}
{"total": 2500, "distribution": {"http://localhost:8005": 713, "http://localhost:8014": 12, "http://localhost:8002": 890, "http://localhost:8011": 5, "http://localhost:8017": 1, "http://localhost:8006": 879}}
{"total": 2500, "distribution": {"http://localhost:8005": 733, "http://localhost:8014": 4, "http://localhost:8002": 857, "http://localhost:8011": 7, "http://localhost:8017": 2, "http://localhost:8006": 897}}
{"total": 2500, "distribution": {"http://localhost:8005": 719, "http://localhost:8014": 13, "http://localhost:8002": 891, "http://localhost:8011": 5, "http://localhost:8017": 2, "http://localhost:8006": 870}}
{"total": 2500, "distribution": {"http://localhost:8005": 706, "http://localhost:8014": 7, "http://localhost:8002": 906, "http://localhost:8011": 5, "http://localhost:8017": 3, "http://localhost:8006": 873}}
{"total": 2500, "distribution": {"http://localhost:8005": 724, "http://localhost:8014": 9, "http://localhost:8002": 888, "http://localhost:8011": 7, "http://localhost:8017": 2, "http://localhost:8006": 869, "http://localhost:8004": 1}}
{"total": 2500, "distribution": {"http://localhost:8005": 730, "http://localhost:8014": 9, "http://localhost:8002": 880, "http://localhost:8011": 10, "http://localhost:8006": 857, "http://localhost:8004": 5, "http://localhost:8020": 5, "http://localhost:8008": 4}}
{"total": 2500, "distribution": {"http://localhost:8005": 710, "http://localhost:8014": 10, "http://localhost:8002": 876, "http://localhost:8011": 8, "http://localhost:8017": 4, "http://localhost:8006": 880, "http://localhost:8004": 6, "http://localhost:8020": 2, "http://localhost:8008": 4}}
{"total": 2500, "distribution": {"http://localhost:8005": 707, "http://localhost:8014": 10, "http://localhost:8002": 886, "http://localhost:8011": 7, "http://localhost:8017": 7, "http://localhost:8006": 870, "http://localhost:8004": 3, "http://localhost:8020": 5, "http://localhost:8008": 5}}
{"total": 2600, "distribution": {"http://localhost:8005": 740, "http://localhost:8014": 6, "http://localhost:8002": 895, "http://localhost:8011": 11, "http://localhost:8017": 3, "http://localhost:8006": 887, "http://localhost:8004": 2, "http://localhost:8020": 2, "http://localhost:8008": 54}}
{"total": 2600, "distribution": {"http://localhost:8005": 734, "http://localhost:8014": 6, "http://localhost:8002": 892, "http://localhost:8011": 10, "http://localhost:8017": 1, "http://localhost:8006": 878, "http://localhost:8004": 3, "http://localhost:8020": 1, "http://localhost:8008": 75}}
{"total": 2600, "distribution": {"http://localhost:8005": 727, "http://localhost:8014": 10, "http://localhost:8002": 885, "http://localhost:8011": 4, "http://localhost:8017": 3, "http://localhost:8006": 898, "http://localhost:8004": 6, "http://localhost:8020": 3, "http://localhost:8008": 64}}
{"total": 2600, "distribution": {"http://localhost:8005": 733, "http://localhost:8014": 4, "http://localhost:8002": 857, "http://localhost:8011": 7, "http://localhost:8017": 2, "http://localhost:8006": 913, "http://localhost:8004": 3, "http://localhost:8020": 1, "http://localhost:8008": 80}}
{"total": 2600, "distribution": {"http://localhost:8005": 713, "http://localhost:8014": 12, "http://localhost:8002": 890, "http://localhost:8011": 5, "http://localhost:8017": 1, "http://localhost:8006": 904, "http://localhost:8004": 3, "http://localhost:8020": 1, "http://localhost:8008": 71}}
{"total": 2600, "distribution": {"http://localhost:8005": 706, "http://localhost:8014": 7, "http://localhost:8002": 906, "http://localhost:8011": 5, "http://localhost:8017": 3, "http://localhost:8006": 882, "http://localhost:8004": 7, "http://localhost:8020": 2, "http://localhost:8008": 82}}
{"total": 2600, "distribution": {"http://localhost:8005": 719, "http://localhost:8014": 13, "http://localhost:8002": 891, "http://localhost:8011": 5, "http://localhost:8017": 2, "http://localhost:8006": 885, "http://localhost:8004": 2, "http://localhost:8020": 2, "http://localhost:8008": 81}}
{"total": 2600, "distribution": {"http://localhost:8005": 724, "http://localhost:8014": 9, "http://localhost:8002": 888, "http://localhost:8011": 7, "http://localhost:8017": 2, "http://localhost:8006": 869, "http://localhost:8004": 7, "http://localhost:8020": 3, "http://localhost:8008": 91}}
{"total": 2600, "distribution": {"http://localhost:8005": 730, "http://localhost:8014": 9, "http://localhost:8002": 880, "http://localhost:8011": 10, "http://localhost:8006": 857, "http://localhost:8004": 5, "http://localhost:8020": 5, "http://localhost:8008": 104}}
{"total": 2600, "distribution": {"http://localhost:8005": 707, "http://localhost:8014": 10, "http://localhost:8002": 886, "http://localhost:8011": 7, "http://localhost:8017": 7, "http://localhost:8006": 870, "http://localhost:8004": 3, "http://localhost:8020": 5, "http://localhost:8008": 105}}
{"total": 2600, "distribution": {"http://localhost:8005": 710, "http://localhost:8014": 10, "http://localhost:8002": 876, "http://localhost:8011": 8, "http://localhost:8017": 4, "http://localhost:8006": 880, "http://localhost:8004": 6, "http://localhost:8020": 2, "http://localhost:8008": 104}}
{"total": 2700, "distribution": {"http://localhost:8005": 740, "http://localhost:8014": 6, "http://localhost:8002": 895, "http://localhost:8011": 11, "http://localhost:8017": 3, "http://localhost:8006": 887, "http://localhost:8004": 2, "http://localhost:8020": 2, "http://localhost:8008": 154}}
{"total": 2700, "distribution": {"http://localhost:8005": 706, "http://localhost:8014": 7, "http://localhost:8002": 906, "http://localhost:8011": 5, "http://localhost:8017": 3, "http://localhost:8006": 882, "http://localhost:8004": 7, "http://localhost:8020": 2, "http://localhost:8008": 182}}
{"total": 2700, "distribution": {"http://localhost:8005": 719, "http://localhost:8014": 13, "http://localhost:8002": 891, "http://localhost:8011": 5, "http://localhost:8017": 2, "http://localhost:8006": 885, "http://localhost:8004": 2, "http://localhost:8020": 2, "http://localhost:8008": 181}}
{"total": 2700, "distribution": {"http://localhost:8005": 727, "http://localhost:8014": 10, "http://localhost:8002": 885, "http://localhost:8011": 4, "http://localhost:8017": 3, "http://localhost:8006": 898, "http://localhost:8004": 6, "http://localhost:8020": 3, "http://localhost:8008": 164}}
{"total": 2700, "distribution": {"http://localhost:8005": 713, "http://localhost:8014": 12, "http://localhost:8002": 890, "http://localhost:8011": 5, "http://localhost:8017": 1, "http://localhost:8006": 904, "http://localhost:8004": 3, "http://localhost:8020": 1, "http://localhost:8008": 171}}
{"total": 2700, "distribution": {"http://localhost:8005": 733, "http://localhost:8014": 4, "http://localhost:8002": 857, "http://localhost:8011": 7, "http://localhost:8017": 2, "http://localhost:8006": 913, "http://localhost:8004": 3, "http://localhost:8020": 1, "http://localhost:8008": 180}}
{"total": 2700, "distribution": {"http://localhost:8005": 734, "http://localhost:8014": 6, "http://localhost:8002": 892, "http://localhost:8011": 10, "http://localhost:8017": 1, "http://localhost:8006": 878, "http://localhost:8004": 3, "http://localhost:8020": 1, "http://localhost:8008": 175}}
{"total": 2700, "distribution": {"http://localhost:8005": 724, "http://localhost:8014": 9, "http://localhost:8002": 888, "http://localhost:8011": 7, "http://localhost:8017": 2, "http://localhost:8006": 869, "http://localhost:8004": 7, "http://localhost:8020": 3, "http://localhost:8008": 191}}
{"total": 2700, "distribution": {"http://localhost:8005": 707, "http://localhost:8014": 10, "http://localhost:8002": 886, "http://localhost:8011": 7, "http://localhost:8017": 7, "http://localhost:8006": 870, "http://localhost:8004": 3, "http://localhost:8020": 5, "http://localhost:8008": 205}}
{"total": 2700, "distribution": {"http://localhost:8005": 730, "http://localhost:8014": 9, "http://localhost:8002": 880, "http://localhost:8011": 10, "http://localhost:8006": 857, "http://localhost:8004": 5, "http://localhost:8020": 5, "http://localhost:8008": 204}}
{"total": 2700, "distribution": {"http://localhost:8005": 710, "http://localhost:8014": 10, "http://localhost:8002": 876, "http://localhost:8011": 8, "http://localhost:8017": 4, "http://localhost:8006": 880, "http://localhost:8004": 6, "http://localhost:8020": 2, "http://localhost:8008": 204}}
{"total": 2800, "distribution": {"http://localhost:8005": 740, "http://localhost:8014": 6, "http://localhost:8002": 895, "http://localhost:8011": 11, "http://localhost:8017": 3, "http://localhost:8006": 887, "http://localhost:8004": 2, "http://localhost:8020": 2, "http://localhost:8008": 254}}
{"total": 2800, "distribution": {"http://localhost:8005": 706, "http://localhost:8014": 7, "http://localhost:8002": 906, "http://localhost:8011": 5, "http://localhost:8017": 3, "http://localhost:8006": 882, "http://localhost:8004": 7, "http://localhost:8020": 2, "http://localhost:8008": 282}}
{"total": 2800, "distribution": {"http://localhost:8005": 733, "http://localhost:8014": 4, "http://localhost:8002": 857, "http://localhost:8011": 7, "http://localhost:8017": 2, "http://localhost:8006": 913, "http://localhost:8004": 3, "http://localhost:8020": 1, "http://localhost:8008": 280}}
{"total": 2800, "distribution": {"http://localhost:8005": 719, "http://localhost:8014": 13, "http://localhost:8002": 891, "http://localhost:8011": 5, "http://localhost:8017": 2, "http://localhost:8006": 885, "http://localhost:8004": 2, "http://localhost:8020": 2, "http://localhost:8008": 281}}
{"total": 2800, "distribution": {"http://localhost:8005": 713, "http://localhost:8014": 12, "http://localhost:8002": 890, "http://localhost:8011": 5, "http://localhost:8017": 1, "http://localhost:8006": 904, "http://localhost:8004": 3, "http://localhost:8020": 1, "http://localhost:8008": 271}}
{"total": 2800, "distribution": {"http://localhost:8005": 734, "http://localhost:8014": 6, "http://localhost:8002": 892, "http://localhost:8011": 10, "http://localhost:8017": 1, "http://localhost:8006": 878, "http://localhost:8004": 3, "http://localhost:8020": 1, "http://localhost:8008": 275}}
{"total": 2800, "distribution": {"http://localhost:8005": 727, "http://localhost:8014": 10, "http://localhost:8002": 885, "http://localhost:8011": 4, "http://localhost:8017": 3, "http://localhost:8006": 898, "http://localhost:8004": 6, "http://localhost:8020": 3, "http://localhost:8008": 264}}
{"total": 2800, "distribution": {"http://localhost:8005": 724, "http://localhost:8014": 9, "http://localhost:8002": 888, "http://localhost:8011": 7, "http://localhost:8017": 2, "http://localhost:8006": 869, "http://localhost:8004": 7, "http://localhost:8020": 3, "http://localhost:8008": 291}}
{"total": 2800, "distribution": {"http://localhost:8005": 710, "http://localhost:8014": 10, "http://localhost:8002": 876, "http://localhost:8011": 8, "http://localhost:8017": 4, "http://localhost:8006": 880, "http://localhost:8004": 6, "http://localhost:8020": 2, "http://localhost:8008": 304}}
{"total": 2800, "distribution": {"http://localhost:8005": 730, "http://localhost:8014": 9, "http://localhost:8002": 880, "http://localhost:8011": 10, "http://localhost:8006": 857, "http://localhost:8004": 5, "http://localhost:8020": 5, "http://localhost:8008": 304}}
{"total": 2800, "distribution": {"http://localhost:8005": 707, "http://localhost:8014": 10, "http://localhost:8002": 886, "http://localhost:8011": 7, "http://localhost:8017": 7, "http://localhost:8006": 870, "http://localhost:8004": 3, "http://localhost:8020": 5, "http://localhost:8008": 305}}
{"total": 2900, "distribution": {"http://localhost:8005": 740, "http://localhost:8014": 6, "http://localhost:8002": 895, "http://localhost:8011": 11, "http://localhost:8017": 3, "http://localhost:8006": 887, "http://localhost:8004": 2, "http://localhost:8020": 2, "http://localhost:8008": 354}}
{"total": 2900, "distribution": {"http://localhost:8005": 706, "http://localhost:8014": 7, "http://localhost:8002": 906, "http://localhost:8011": 5, "http://localhost:8017": 3, "http://localhost:8006": 882, "http://localhost:8004": 7, "http://localhost:8020": 2, "http://localhost:8008": 382}}
{"total": 2900, "distribution": {"http://localhost:8005": 733, "http://localhost:8014": 4, "http://localhost:8002": 857, "http://localhost:8011": 7, "http://localhost:8017": 2, "http://localhost:8006": 913, "http://localhost:8004": 3, "http://localhost:8020": 1, "http://localhost:8008": 380}}
{"total": 2900, "distribution": {"http://localhost:8005": 734, "http://localhost:8014": 6, "http://localhost:8002": 892, "http://localhost:8011": 10, "http://localhost:8017": 1, "http://localhost:8006": 878, "http://localhost:8004": 3, "http://localhost:8020": 1, "http://localhost:8008": 375}}
{"total": 2900, "distribution": {"http://localhost:8005": 713, "http://localhost:8014": 12, "http://localhost:8002": 890, "http://localhost:8011": 5, "http://localhost:8017": 1, "http://localhost:8006": 904, "http://localhost:8004": 3, "http://localhost:8020": 1, "http://localhost:8008": 371}}
{"total": 2900, "distribution": {"http://localhost:8005": 719, "http://localhost:8014": 13, "http://localhost:8002": 891, "http://localhost:8011": 5, "http://localhost:8017": 2, "http://localhost:8006": 885, "http://localhost:8004": 2, "http://localhost:8020": 2, "http://localhost:8008": 381}}
{"total": 2900, "distribution": {"http://localhost:8005": 727, "http://localhost:8014": 10, "http://localhost:8002": 885, "http://localhost:8011": 4, "http://localhost:8017": 3, "http://localhost:8006": 898, "http://localhost:8004": 6, "http://localhost:8020": 3, "http://localhost:8008": 364}}
{"total": 2900, "distribution": {"http://localhost:8005": 724, "http://localhost:8014": 9, "http://localhost:8002": 888, "http://localhost:8011": 7, "http://localhost:8017": 2, "http://localhost:8006": 869, "http://localhost:8004": 7, "http://localhost:8020": 3, "http://localhost:8008": 391}}
{"total": 2900, "distribution": {"http://localhost:8005": 707, "http://localhost:8014": 10, "http://localhost:8002": 886, "http://localhost:8011": 7, "http://localhost:8017": 7, "http://localhost:8006": 870, "http://localhost:8004": 3, "http://localhost:8020": 5, "http://localhost:8008": 405}}
{"total": 2900, "distribution": {"http://localhost:8005": 710, "http://localhost:8014": 10, "http://localhost:8002": 876, "http://localhost:8011": 8, "http://localhost:8017": 4, "http://localhost:8006": 880, "http://localhost:8004": 6, "http://localhost:8020": 2, "http://localhost:8008": 404}}
{"total": 2900, "distribution": {"http://localhost:8005": 730, "http://localhost:8014": 9, "http://localhost:8002": 880, "http://localhost:8011": 10, "http://localhost:8006": 857, "http://localhost:8004": 5, "http://localhost:8020": 5, "http://localhost:8008": 404}}
{"total": 3000, "distribution": {"http://localhost:8005": 740, "http://localhost:8014": 6, "http://localhost:8002": 895, "http://localhost:8011": 11, "http://localhost:8017": 3, "http://localhost:8006": 887, "http://localhost:8004": 2, "http://localhost:8020": 2, "http://localhost:8008": 454}}
{"total": 3000, "distribution": {"http://localhost:8005": 706, "http://localhost:8014": 7, "http://localhost:8002": 906, "http://localhost:8011": 5, "http://localhost:8017": 3, "http://localhost:8006": 882, "http://localhost:8004": 7, "http://localhost:8020": 2, "http://localhost:8008": 482}}
{"total": 3000, "distribution": {"http://localhost:8005": 733, "http://localhost:8014": 4, "http://localhost:8002": 857, "http://localhost:8011": 7, "http://localhost:8017": 2, "http://localhost:8006": 913, "http://localhost:8004": 3, "http://localhost:8020": 1, "http://localhost:8008": 480}}
{"total": 3000, "distribution": {"http://localhost:8005": 713, "http://localhost:8014": 12, "http://localhost:8002": 890, "http://localhost:8011": 5, "http://localhost:8017": 1, "http://localhost:8006": 904, "http://localhost:8004": 3, "http://localhost:8020": 1, "http://localhost:8008": 471}}
{"total": 3000, "distribution": {"http://localhost:8005": 734, "http://localhost:8014": 6, "http://localhost:8002": 892, "http://localhost:8011": 10, "http://localhost:8017": 1, "http://localhost:8006": 878, "http://localhost:8004": 3, "http://localhost:8020": 1, "http://localhost:8008": 475}}
{"total": 3000, "distribution": {"http://localhost:8005": 727, "http://localhost:8014": 10, "http://localhost:8002": 885, "http://localhost:8011": 4, "http://localhost:8017": 3, "http://localhost:8006": 898, "http://localhost:8004": 6, "http://localhost:8020": 3, "http://localhost:8008": 464}}
{"total": 3000, "distribution": {"http://localhost:8005": 719, "http://localhost:8014": 13, "http://localhost:8002": 891, "http://localhost:8011": 5, "http://localhost:8017": 2, "http://localhost:8006": 885, "http://localhost:8004": 2, "http://localhost:8020": 2, "http://localhost:8008": 481}}
{"total": 3000, "distribution": {"http://localhost:8005": 724, "http://localhost:8014": 9, "http://localhost:8002": 888, "http://localhost:8011": 7, "http://localhost:8017": 2, "http://localhost:8006": 869, "http://localhost:8004": 7, "http://localhost:8020": 3, "http://localhost:8008": 491}}
{"total": 3000, "distribution": {"http://localhost:8005": 707, "http://localhost:8014": 10, "http://localhost:8002": 886, "http://localhost:8011": 7, "http://localhost:8017": 7, "http://localhost:8006": 870, "http://localhost:8004": 3, "http://localhost:8020": 5, "http://localhost:8008": 505}}
{"total": 3000, "distribution": {"http://localhost:8005": 710, "http://localhost:8014": 10, "http://localhost:8002": 876, "http://localhost:8011": 8, "http://localhost:8017": 4, "http://localhost:8006": 880, "http://localhost:8004": 6, "http://localhost:8020": 2, "http://localhost:8008": 504}}
{"total": 3000, "distribution": {"http://localhost:8005": 730, "http://localhost:8014": 9, "http://localhost:8002": 880, "http://localhost:8011": 10, "http://localhost:8006": 857, "http://localhost:8004": 5, "http://localhost:8020": 5, "http://localhost:8008": 504}}
{"total": 3100, "distribution": {"http://localhost:8005": 740, "http://localhost:8014": 6, "http://localhost:8002": 895, "http://localhost:8011": 11, "http://localhost:8017": 3, "http://localhost:8006": 887, "http://localhost:8004": 2, "http://localhost:8020": 2, "http://localhost:8008": 554}}
{"total": 3100, "distribution": {"http://localhost:8005": 706, "http://localhost:8014": 7, "http://localhost:8002": 906, "http://localhost:8011": 5, "http://localhost:8017": 3, "http://localhost:8006": 882, "http://localhost:8004": 7, "http://localhost:8020": 2, "http://localhost:8008": 582}}
{"total": 3100, "distribution": {"http://localhost:8005": 713, "http://localhost:8014": 12, "http://localhost:8002": 890, "http://localhost:8011": 5, "http://localhost:8017": 1, "http://localhost:8006": 904, "http://localhost:8004": 3, "http://localhost:8020": 1, "http://localhost:8008": 571}}
{"total": 3100, "distribution": {"http://localhost:8005": 734, "http://localhost:8014": 6, "http://localhost:8002": 892, "http://localhost:8011": 10, "http://localhost:8017": 1, "http://localhost:8006": 878, "http://localhost:8004": 3, "http://localhost:8020": 1, "http://localhost:8008": 575}}
{"total": 3100, "distribution": {"http://localhost:8005": 733, "http://localhost:8014": 4, "http://localhost:8002": 857, "http://localhost:8011": 7, "http://localhost:8017": 2, "http://localhost:8006": 913, "http://localhost:8004": 3, "http://localhost:8020": 1, "http://localhost:8008": 580}}
{"total": 3100, "distribution": {"http://localhost:8005": 727, "http://localhost:8014": 10, "http://localhost:8002": 885, "http://localhost:8011": 4, "http://localhost:8017": 3, "http://localhost:8006": 898, "http://localhost:8004": 6, "http://localhost:8020": 3, "http://localhost:8008": 564}}
{"total": 3100, "distribution": {"http://localhost:8005": 719, "http://localhost:8014": 13, "http://localhost:8002": 891, "http://localhost:8011": 5, "http://localhost:8017": 2, "http://localhost:8006": 885, "http://localhost:8004": 2, "http://localhost:8020": 2, "http://localhost:8008": 581}}
{"total": 3100, "distribution": {"http://localhost:8005": 724, "http://localhost:8014": 9, "http://localhost:8002": 888, "http://localhost:8011": 7, "http://localhost:8017": 2, "http://localhost:8006": 869, "http://localhost:8004": 7, "http://localhost:8020": 3, "http://localhost:8008": 591}}
{"total": 3100, "distribution": {"http://localhost:8005": 707, "http://localhost:8014": 10, "http://localhost:8002": 886, "http://localhost:8011": 7, "http://localhost:8017": 7, "http://localhost:8006": 870, "http://localhost:8004": 3, "http://localhost:8020": 5, "http://localhost:8008": 605}}
{"total": 3100, "distribution": {"http://localhost:8005": 730, "http://localhost:8014": 9, "http://localhost:8002": 880, "http://localhost:8011": 10, "http://localhost:8006": 857, "http://localhost:8004": 5, "http://localhost:8020": 5, "http://localhost:8008": 604}}
{"total": 3100, "distribution": {"http://localhost:8005": 710, "http://localhost:8014": 10, "http://localhost:8002": 876, "http://localhost:8011": 8, "http://localhost:8017": 4, "http://localhost:8006": 880, "http://localhost:8004": 6, "http://localhost:8020": 2, "http://localhost:8008": 604}}
{"total": 3200, "distribution": {"http://localhost:8005": 740, "http://localhost:8014": 6, "http://localhost:8002": 895, "http://localhost:8011": 11, "http://localhost:8017": 3, "http://localhost:8006": 887, "http://localhost:8004": 2, "http://localhost:8020": 2, "http://localhost:8008": 654}}
{"total": 3200, "distribution": {"http://localhost:8005": 706, "http://localhost:8014": 7, "http://localhost:8002": 906, "http://localhost:8011": 5, "http://localhost:8017": 3, "http://localhost:8006": 882, "http://localhost:8004": 7, "http://localhost:8020": 2, "http://localhost:8008": 682}}
{"total": 3200, "distribution": {"http://localhost:8005": 734, "http://localhost:8014": 6, "http://localhost:8002": 892, "http://localhost:8011": 10, "http://localhost:8017": 1, "http://localhost:8006": 878, "http://localhost:8004": 3, "http://localhost:8020": 1, "http://localhost:8008": 675}}
{"total": 3200, "distribution": {"http://localhost:8005": 733, "http://localhost:8014": 4, "http://localhost:8002": 857, "http://localhost:8011": 7, "http://localhost:8017": 2, "http://localhost:8006": 913, "http://localhost:8004": 3, "http://localhost:8020": 1, "http://localhost:8008": 680}}
{"total": 3200, "distribution": {"http://localhost:8005": 713, "http://localhost:8014": 12, "http://localhost:8002": 890, "http://localhost:8011": 5, "http://localhost:8017": 1, "http://localhost:8006": 904, "http://localhost:8004": 3, "http://localhost:8020": 1, "http://localhost:8008": 671}}
{"total": 3200, "distribution": {"http://localhost:8005": 727, "http://localhost:8014": 10, "http://localhost:8002": 885, "http://localhost:8011": 4, "http://localhost:8017": 3, "http://localhost:8006": 898, "http://localhost:8004": 6, "http://localhost:8020": 3, "http://localhost:8008": 664}}
{"total": 3200, "distribution": {"http://localhost:8005": 719, "http://localhost:8014": 13, "http://localhost:8002": 891, "http://localhost:8011": 5, "http://localhost:8017": 2, "http://localhost:8006": 885, "http://localhost:8004": 2, "http://localhost:8020": 2, "http://localhost:8008": 681}}
{"total": 3200, "distribution": {"http://localhost:8005": 724, "http://localhost:8014": 9, "http://localhost:8002": 888, "http://localhost:8011": 7, "http://localhost:8017": 2, "http://localhost:8006": 869, "http://localhost:8004": 7, "http://localhost:8020": 3, "http://localhost:8008": 691}}
{"total": 3200, "distribution": {"http://localhost:8005": 707, "http://localhost:8014": 10, "http://localhost:8002": 886, "http://localhost:8011": 7, "http://localhost:8017": 7, "http://localhost:8006": 870, "http://localhost:8004": 3, "http://localhost:8020": 5, "http://localhost:8008": 705}}
{"total": 3200, "distribution": {"http://localhost:8005": 710, "http://localhost:8014": 10, "http://localhost:8002": 876, "http://localhost:8011": 8, "http://localhost:8017": 4, "http://localhost:8006": 880, "http://localhost:8004": 6, "http://localhost:8020": 2, "http://localhost:8008": 704}}
{"total": 3200, "distribution": {"http://localhost:8005": 730, "http://localhost:8014": 9, "http://localhost:8002": 880, "http://localhost:8011": 10, "http://localhost:8006": 857, "http://localhost:8004": 5, "http://localhost:8020": 5, "http://localhost:8008": 704}}
{"total": 3300, "distribution": {"http://localhost:8005": 740, "http://localhost:8014": 6, "http://localhost:8002": 895, "http://localhost:8011": 11, "http://localhost:8017": 3, "http://localhost:8006": 887, "http://localhost:8004": 2, "http://localhost:8020": 2, "http://localhost:8008": 754}}
{"total": 3300, "distribution": {"http://localhost:8005": 713, "http://localhost:8014": 12, "http://localhost:8002": 890, "http://localhost:8011": 5, "http://localhost:8017": 1, "http://localhost:8006": 904, "http://localhost:8004": 3, "http://localhost:8020": 1, "http://localhost:8008": 771}}
{"total": 3300, "distribution": {"http://localhost:8005": 734, "http://localhost:8014": 6, "http://localhost:8002": 892, "http://localhost:8011": 10, "http://localhost:8017": 1, "http://localhost:8006": 878, "http://localhost:8004": 3, "http://localhost:8020": 1, "http://localhost:8008": 775}}
{"total": 3300, "distribution": {"http://localhost:8005": 733, "http://localhost:8014": 4, "http://localhost:8002": 857, "http://localhost:8011": 7, "http://localhost:8017": 2, "http://localhost:8006": 913, "http://localhost:8004": 3, "http://localhost:8020": 1, "http://localhost:8008": 780}}
{"total": 3300, "distribution": {"http://localhost:8005": 727, "http://localhost:8014": 10, "http://localhost:8002": 885, "http://localhost:8011": 4, "http://localhost:8017": 3, "http://localhost:8006": 898, "http://localhost:8004": 6, "http://localhost:8020": 3, "http://localhost:8008": 764}}
{"total": 3300, "distribution": {"http://localhost:8005": 719, "http://localhost:8014": 13, "http://localhost:8002": 891, "http://localhost:8011": 5, "http://localhost:8017": 2, "http://localhost:8006": 885, "http://localhost:8004": 2, "http://localhost:8020": 2, "http://localhost:8008": 781}}
{"total": 3300, "distribution": {"http://localhost:8005": 706, "http://localhost:8014": 7, "http://localhost:8002": 906, "http://localhost:8011": 5, "http://localhost:8017": 3, "http://localhost:8006": 882, "http://localhost:8004": 7, "http://localhost:8020": 2, "http://localhost:8008": 782}}
{"total": 3300, "distribution": {"http://localhost:8005": 724, "http://localhost:8014": 9, "http://localhost:8002": 888, "http://localhost:8011": 7, "http://localhost:8017": 2, "http://localhost:8006": 869, "http://localhost:8004": 7, "http://localhost:8020": 3, "http://localhost:8008": 791}}
{"total": 3300, "distribution": {"http://localhost:8005": 707, "http://localhost:8014": 10, "http://localhost:8002": 886, "http://localhost:8011": 7, "http://localhost:8017": 7, "http://localhost:8006": 870, "http://localhost:8004": 3, "http://localhost:8020": 5, "http://localhost:8008": 805}}
{"total": 3300, "distribution": {"http://localhost:8005": 710, "http://localhost:8014": 10, "http://localhost:8002": 876, "http://localhost:8011": 8, "http://localhost:8017": 4, "http://localhost:8006": 880, "http://localhost:8004": 6, "http://localhost:8020": 2, "http://localhost:8008": 804}}
{"total": 3300, "distribution": {"http://localhost:8005": 730, "http://localhost:8014": 9, "http://localhost:8002": 880, "http://localhost:8011": 10, "http://localhost:8006": 857, "http://localhost:8004": 5, "http://localhost:8020": 5, "http://localhost:8008": 804}}
{"total": 3400, "distribution": {"http://localhost:8005": 740, "http://localhost:8014": 6, "http://localhost:8002": 895, "http://localhost:8011": 11, "http://localhost:8017": 3, "http://localhost:8006": 887, "http://localhost:8004": 2, "http://localhost:8020": 2, "http://localhost:8008": 854}}
{"total": 3400, "distribution": {"http://localhost:8005": 734, "http://localhost:8014": 6, "http://localhost:8002": 892, "http://localhost:8011": 10, "http://localhost:8017": 1, "http://localhost:8006": 878, "http://localhost:8004": 3, "http://localhost:8020": 1, "http://localhost:8008": 875}}
{"total": 3400, "distribution": {"http://localhost:8005": 713, "http://localhost:8014": 12, "http://localhost:8002": 890, "http://localhost:8011": 5, "http://localhost:8017": 1, "http://localhost:8006": 904, "http://localhost:8004": 3, "http://localhost:8020": 1, "http://localhost:8008": 871}}
{"total": 3400, "distribution": {"http://localhost:8005": 727, "http://localhost:8014": 10, "http://localhost:8002": 885, "http://localhost:8011": 4, "http://localhost:8017": 3, "http://localhost:8006": 898, "http://localhost:8004": 6, "http://localhost:8020": 3, "http://localhost:8008": 864}}
{"total": 3400, "distribution": {"http://localhost:8005": 733, "http://localhost:8014": 4, "http://localhost:8002": 857, "http://localhost:8011": 7, "http://localhost:8017": 2, "http://localhost:8006": 913, "http://localhost:8004": 3, "http://localhost:8020": 1, "http://localhost:8008": 880}}
{"total": 3400, "distribution": {"http://localhost:8005": 706, "http://localhost:8014": 7, "http://localhost:8002": 906, "http://localhost:8011": 5, "http://localhost:8017": 3, "http://localhost:8006": 882, "http://localhost:8004": 7, "http://localhost:8020": 2, "http://localhost:8008": 882}}
{"total": 3400, "distribution": {"http://localhost:8005": 719, "http://localhost:8014": 13, "http://localhost:8002": 891, "http://localhost:8011": 5, "http://localhost:8017": 2, "http://localhost:8006": 885, "http://localhost:8004": 2, "http://localhost:8020": 2, "http://localhost:8008": 881}}
{"total": 3400, "distribution": {"http://localhost:8005": 724, "http://localhost:8014": 9, "http://localhost:8002": 888, "http://localhost:8011": 7, "http://localhost:8017": 2, "http://localhost:8006": 869, "http://localhost:8004": 7, "http://localhost:8020": 8, "http://localhost:8008": 883, "http://localhost:8003": 3}}
{"total": 3400, "distribution": {"http://localhost:8005": 707, "http://localhost:8014": 10, "http://localhost:8002": 886, "http://localhost:8011": 7, "http://localhost:8017": 7, "http://localhost:8006": 870, "http://localhost:8004": 3, "http://localhost:8020": 8, "http://localhost:8008": 890, "http://localhost:8003": 12}}
{"total": 3400, "distribution": {"http://localhost:8005": 710, "http://localhost:8014": 10, "http://localhost:8002": 876, "http://localhost:8011": 8, "http://localhost:8017": 4, "http://localhost:8006": 880, "http://localhost:8004": 6, "http://localhost:8020": 6, "http://localhost:8008": 877, "http://localhost:8003": 23}}
{"total": 3400, "distribution": {"http://localhost:8005": 730, "http://localhost:8014": 9, "http://localhost:8002": 880, "http://localhost:8011": 10, "http://localhost:8006": 857, "http://localhost:8004": 5, "http://localhost:8020": 9, "http://localhost:8008": 871, "http://localhost:8003": 29}}
